--------------------------------------------------------------------------------
Process info Logger: Mon Jun 10 13:40:24 2024
--------------------------------------------------------------------------------
log created at EveryMinutes{'username': 'NT AUTHORITY\\SYSTEM', 'name': 'System Idle Process', 'pid': 0}
{'username': 'NT AUTHORITY\\SYSTEM', 'name': 'System', 'pid': 4}
{'username': None, 'name': '', 'pid': 140}
{'username': None, 'name': 'Registry', 'pid': 180}
{'username': None, 'name': 'smss.exe', 'pid': 660}
{'username': None, 'name': 'fontdrvhost.exe', 'pid': 676}
{'username': None, 'name': 'csrss.exe', 'pid': 696}
{'username': None, 'name': 'svchost.exe', 'pid': 736}
{'username': None, 'name': 'wininit.exe', 'pid': 1124}
{'username': None, 'name': 'services.exe', 'pid': 1268}
{'username': None, 'name': 'LsaIso.exe', 'pid': 1276}
{'username': None, 'name': 'lsass.exe', 'pid': 1300}
{'username': 'LAPTOP\\NAVNATH', 'name': 'SECOCL64.exe', 'pid': 1364}
{'username': 'LAPTOP\\NAVNATH', 'name': 'Code.exe', 'pid': 1420}
{'username': None, 'name': 'svchost.exe', 'pid': 1428}
{'username': None, 'name': 'fontdrvhost.exe', 'pid': 1460}
{'username': 'LAPTOP\\NAVNATH', 'name': 'unsecapp.exe', 'pid': 1516}
{'username': 'LAPTOP\\NAVNATH', 'name': 'Code.exe', 'pid': 1544}
{'username': None, 'name': 'svchost.exe', 'pid': 1568}
{'username': None, 'name': 'svchost.exe', 'pid': 1612}
{'username': None, 'name': 'svchost.exe', 'pid': 1784}
{'username': None, 'name': 'svchost.exe', 'pid': 1864}
{'username': None, 'name': 'svchost.exe', 'pid': 1872}
{'username': None, 'name': 'svchost.exe', 'pid': 1884}
{'username': None, 'name': 'svchost.exe', 'pid': 2036}
{'username': None, 'name': 'svchost.exe', 'pid': 2068}
{'username': None, 'name': 'svchost.exe', 'pid': 2080}
{'username': 'LAPTOP\\NAVNATH', 'name': 'msedge.exe', 'pid': 2092}
{'username': None, 'name': 'svchost.exe', 'pid': 2120}
{'username': None, 'name': 'svchost.exe', 'pid': 2132}
{'username': 'LAPTOP\\NAVNATH', 'name': 'svchost.exe', 'pid': 2160}
{'username': 'LAPTOP\\NAVNATH', 'name': 'svchost.exe', 'pid': 2164}
{'username': None, 'name': 'svchost.exe', 'pid': 2244}
{'username': None, 'name': 'svchost.exe', 'pid': 2260}
{'username': None, 'name': 'MoUsoCoreWorker.exe', 'pid': 2264}
{'username': None, 'name': 'svchost.exe', 'pid': 2292}
{'username': None, 'name': 'svchost.exe', 'pid': 2488}
{'username': 'LAPTOP\\NAVNATH', 'name': 'brave.exe', 'pid': 2492}
{'username': None, 'name': 'svchost.exe', 'pid': 2500}
{'username': 'LAPTOP\\NAVNATH', 'name': 'RuntimeBroker.exe', 'pid': 2540}
{'username': 'LAPTOP\\NAVNATH', 'name': 'ctfmon.exe', 'pid': 2552}
{'username': 'LAPTOP\\NAVNATH', 'name': 'ApplicationFrameHost.exe', 'pid': 2708}
{'username': None, 'name': 'svchost.exe', 'pid': 2804}
{'username': None, 'name': 'svchost.exe', 'pid': 2840}
{'username': 'LAPTOP\\NAVNATH', 'name': 'msedge.exe', 'pid': 2852}
{'username': None, 'name': 'svchost.exe', 'pid': 2872}
{'username': None, 'name': 'svchost.exe', 'pid': 2924}
{'username': None, 'name': 'svchost.exe', 'pid': 2964}
{'username': None, 'name': 'svchost.exe', 'pid': 2984}
{'username': None, 'name': 'OmenCap.exe', 'pid': 3004}
{'username': None, 'name': 'svchost.exe', 'pid': 3088}
{'username': None, 'name': 'NVDisplay.Container.exe', 'pid': 3096}
{'username': None, 'name': 'svchost.exe', 'pid': 3204}
{'username': None, 'name': 'svchost.exe', 'pid': 3244}
{'username': None, 'name': 'svchost.exe', 'pid': 3268}
{'username': None, 'name': 'svchost.exe', 'pid': 3320}
{'username': None, 'name': 'svchost.exe', 'pid': 3328}
{'username': None, 'name': 'svchost.exe', 'pid': 3336}
{'username': None, 'name': 'svchost.exe', 'pid': 3356}
{'username': None, 'name': 'MemCompression', 'pid': 3436}
{'username': None, 'name': 'svchost.exe', 'pid': 3472}
{'username': None, 'name': 'svchost.exe', 'pid': 3500}
{'username': None, 'name': 'svchost.exe', 'pid': 3572}
{'username': None, 'name': 'svchost.exe', 'pid': 3588}
{'username': None, 'name': 'SysInfoCap.exe', 'pid': 3596}
{'username': None, 'name': 'DiagsCap.exe', 'pid': 3604}
{'username': None, 'name': 'NetworkCap.exe', 'pid': 3612}
{'username': None, 'name': 'AppHelperCap.exe', 'pid': 3620}
{'username': None, 'name': 'TouchpointAnalyticsClientService.exe', 'pid': 3628}
{'username': None, 'name': 'csrss.exe', 'pid': 3760}
{'username': None, 'name': 'svchost.exe', 'pid': 3832}
{'username': None, 'name': 'hp-one-agent-service.exe', 'pid': 4088}
{'username': None, 'name': 'svchost.exe', 'pid': 4104}
{'username': 'LAPTOP\\NAVNATH', 'name': 'OpenConsole.exe', 'pid': 4128}
{'username': None, 'name': 'svchost.exe', 'pid': 4312}
{'username': 'LAPTOP\\NAVNATH', 'name': 'ShellExperienceHost.exe', 'pid': 4372}
{'username': None, 'name': 'svchost.exe', 'pid': 4388}
{'username': None, 'name': 'svchost.exe', 'pid': 4476}
{'username': 'LAPTOP\\NAVNATH', 'name': 'msedge.exe', 'pid': 4512}
{'username': None, 'name': 'svchost.exe', 'pid': 4560}
{'username': None, 'name': 'svchost.exe', 'pid': 4664}
{'username': None, 'name': 'svchost.exe', 'pid': 4672}
{'username': None, 'name': 'svchost.exe', 'pid': 4716}
{'username': 'LAPTOP\\NAVNATH', 'name': 'conhost.exe', 'pid': 4768}
{'username': 'LAPTOP\\NAVNATH', 'name': 'conhost.exe', 'pid': 4832}
{'username': None, 'name': 'svchost.exe', 'pid': 4864}
{'username': None, 'name': 'svchost.exe', 'pid': 4868}
{'username': None, 'name': 'svchost.exe', 'pid': 4948}
{'username': None, 'name': 'svchost.exe', 'pid': 4984}
{'username': 'LAPTOP\\NAVNATH', 'name': 'conhost.exe', 'pid': 4992}
{'username': None, 'name': 'spoolsv.exe', 'pid': 5012}
{'username': None, 'name': 'svchost.exe', 'pid': 5048}
{'username': None, 'name': 'svchost.exe', 'pid': 5152}
{'username': None, 'name': 'svchost.exe', 'pid': 5288}
{'username': None, 'name': 'svchost.exe', 'pid': 5388}
{'username': None, 'name': 'svchost.exe', 'pid': 5456}
{'username': None, 'name': 'SECOMN64.exe', 'pid': 5464}
{'username': None, 'name': 'svchost.exe', 'pid': 5472}
{'username': None, 'name': 'svchost.exe', 'pid': 5484}
{'username': None, 'name': 'svchost.exe', 'pid': 5492}
{'username': None, 'name': 'svchost.exe', 'pid': 5508}
{'username': None, 'name': 'MsMpEng.exe', 'pid': 5528}
{'username': None, 'name': 'mongod.exe', 'pid': 5540}
{'username': None, 'name': 'OfficeClickToRun.exe', 'pid': 5548}
{'username': None, 'name': 'MpDefenderCoreService.exe', 'pid': 5564}
{'username': None, 'name': 'svchost.exe', 'pid': 5580}
{'username': None, 'name': 'svchost.exe', 'pid': 5604}
{'username': None, 'name': 'svchost.exe', 'pid': 5636}
{'username': 'LAPTOP\\NAVNATH', 'name': 'SearchHost.exe', 'pid': 5700}
{'username': 'LAPTOP\\NAVNATH', 'name': 'OverlayHelper.exe', 'pid': 5704}
{'username': 'LAPTOP\\NAVNATH', 'name': 'svchost.exe', 'pid': 5788}
{'username': None, 'name': 'omtsreco.exe', 'pid': 5888}
{'username': None, 'name': 'svchost.exe', 'pid': 6016}
{'username': None, 'name': 'oracle.exe', 'pid': 6024}
{'username': 'LAPTOP\\NAVNATH', 'name': 'msedge.exe', 'pid': 6136}
{'username': None, 'name': 'svchost.exe', 'pid': 6172}
{'username': None, 'name': 'svchost.exe', 'pid': 6256}
{'username': 'LAPTOP\\NAVNATH', 'name': 'SystemSettings.exe', 'pid': 6316}
{'username': 'LAPTOP\\NAVNATH', 'name': 'dllhost.exe', 'pid': 6476}
{'username': None, 'name': 'svchost.exe', 'pid': 6516}
{'username': None, 'name': 'svchost.exe', 'pid': 6572}
{'username': None, 'name': 'svchost.exe', 'pid': 6652}
{'username': 'LAPTOP\\NAVNATH', 'name': 'msedge.exe', 'pid': 6736}
{'username': None, 'name': 'svchost.exe', 'pid': 6828}
{'username': None, 'name': 'WmiPrvSE.exe', 'pid': 6904}
{'username': None, 'name': 'AggregatorHost.exe', 'pid': 7040}
{'username': None, 'name': 'unsecapp.exe', 'pid': 7108}
{'username': None, 'name': 'svchost.exe', 'pid': 7132}
{'username': None, 'name': 'NisSrv.exe', 'pid': 7260}
{'username': None, 'name': 'svchost.exe', 'pid': 7492}
{'username': None, 'name': 'SearchIndexer.exe', 'pid': 7500}
{'username': 'LAPTOP\\NAVNATH', 'name': 'RuntimeBroker.exe', 'pid': 7584}
{'username': None, 'name': 'svchost.exe', 'pid': 7764}
{'username': None, 'name': 'dwm.exe', 'pid': 7836}
{'username': 'LAPTOP\\NAVNATH', 'name': 'Code.exe', 'pid': 7896}
{'username': 'LAPTOP\\NAVNATH', 'name': 'RuntimeBroker.exe', 'pid': 7964}
{'username': None, 'name': 'winlogon.exe', 'pid': 8200}
{'username': 'LAPTOP\\NAVNATH', 'name': 'svchost.exe', 'pid': 8444}
{'username': None, 'name': 'svchost.exe', 'pid': 8468}
{'username': 'LAPTOP\\NAVNATH', 'name': 'powershell.exe', 'pid': 8776}
{'username': 'LAPTOP\\NAVNATH', 'name': 'HPAudioSwitch.exe', 'pid': 8796}
{'username': 'LAPTOP\\NAVNATH', 'name': 'msedge.exe', 'pid': 8848}
{'username': 'LAPTOP\\NAVNATH', 'name': 'WindowsTerminal.exe', 'pid': 8924}
{'username': 'LAPTOP\\NAVNATH', 'name': 'RuntimeBroker.exe', 'pid': 9552}
{'username': 'LAPTOP\\NAVNATH', 'name': 'conhost.exe', 'pid': 9556}
{'username': 'LAPTOP\\NAVNATH', 'name': 'OmenInstallMonitor.exe', 'pid': 9596}
{'username': 'LAPTOP\\NAVNATH', 'name': 'py.exe', 'pid': 9636}
{'username': 'LAPTOP\\NAVNATH', 'name': 'msedge.exe', 'pid': 10272}
{'username': 'LAPTOP\\NAVNATH', 'name': 'AdobeIPCBroker.exe', 'pid': 10340}
{'username': 'LAPTOP\\NAVNATH', 'name': 'PAD.Console.Host.exe', 'pid': 10428}
{'username': None, 'name': 'svchost.exe', 'pid': 10504}
{'username': 'LAPTOP\\NAVNATH', 'name': 'msedge.exe', 'pid': 10564}
{'username': 'LAPTOP\\NAVNATH', 'name': 'UserOOBEBroker.exe', 'pid': 10688}
{'username': None, 'name': 'svchost.exe', 'pid': 10788}
{'username': 'LAPTOP\\NAVNATH', 'name': 'svchost.exe', 'pid': 10900}
{'username': 'LAPTOP\\NAVNATH', 'name': 'LockApp.exe', 'pid': 10972}
{'username': 'LAPTOP\\NAVNATH', 'name': 'powershell.exe', 'pid': 11176}
{'username': 'LAPTOP\\NAVNATH', 'name': 'Code.exe', 'pid': 11188}
{'username': 'LAPTOP\\NAVNATH', 'name': 'CCXProcess.exe', 'pid': 11212}
{'username': None, 'name': 'SecurityHealthService.exe', 'pid': 11348}
{'username': None, 'name': 'svchost.exe', 'pid': 11360}
{'username': 'LAPTOP\\NAVNATH', 'name': 'conhost.exe', 'pid': 12500}
{'username': 'LAPTOP\\NAVNATH', 'name': 'msedge.exe', 'pid': 12528}
{'username': None, 'name': 'WmiPrvSE.exe', 'pid': 12620}
{'username': 'LAPTOP\\NAVNATH', 'name': 'svchost.exe', 'pid': 12704}
{'username': 'LAPTOP\\NAVNATH', 'name': 'RuntimeBroker.exe', 'pid': 12724}
{'username': 'LAPTOP\\NAVNATH', 'name': 'SystemSettingsBroker.exe', 'pid': 12984}
{'username': 'LAPTOP\\NAVNATH', 'name': 'brave.exe', 'pid': 13120}
{'username': 'LAPTOP\\NAVNATH', 'name': 'WidgetService.exe', 'pid': 13228}
{'username': 'LAPTOP\\NAVNATH', 'name': 'sihost.exe', 'pid': 13232}
{'username': 'LAPTOP\\NAVNATH', 'name': 'OmenCommandCenterBackground.exe', 'pid': 13588}
{'username': 'LAPTOP\\NAVNATH', 'name': 'conhost.exe', 'pid': 13592}
{'username': 'LAPTOP\\NAVNATH', 'name': 'conhost.exe', 'pid': 14212}
{'username': 'LAPTOP\\NAVNATH', 'name': 'Code.exe', 'pid': 14256}
{'username': 'LAPTOP\\NAVNATH', 'name': 'brave.exe', 'pid': 14592}
{'username': 'LAPTOP\\NAVNATH', 'name': 'node.exe', 'pid': 14600}
{'username': 'LAPTOP\\NAVNATH', 'name': 'powershell.exe', 'pid': 14880}
{'username': 'LAPTOP\\NAVNATH', 'name': 'msedge.exe', 'pid': 15204}
{'username': 'LAPTOP\\NAVNATH', 'name': 'msedge.exe', 'pid': 15212}
{'username': 'LAPTOP\\NAVNATH', 'name': 'BridgeCommunication.exe', 'pid': 15292}
{'username': None, 'name': 'svchost.exe', 'pid': 15352}
{'username': 'LAPTOP\\NAVNATH', 'name': 'Code.exe', 'pid': 15364}
{'username': 'LAPTOP\\NAVNATH', 'name': 'RuntimeBroker.exe', 'pid': 15532}
{'username': 'LAPTOP\\NAVNATH', 'name': 'python.exe', 'pid': 15600}
{'username': 'LAPTOP\\NAVNATH', 'name': 'svchost.exe', 'pid': 15736}
{'username': 'LAPTOP\\NAVNATH', 'name': 'msedge.exe', 'pid': 16092}
{'username': 'LAPTOP\\NAVNATH', 'name': 'explorer.exe', 'pid': 16256}
{'username': 'LAPTOP\\NAVNATH', 'name': 'HPSystemEventUtilityHost.exe', 'pid': 16640}
{'username': None, 'name': 'NVDisplay.Container.exe', 'pid': 16644}
{'username': None, 'name': 'svchost.exe', 'pid': 16920}
{'username': 'LAPTOP\\NAVNATH', 'name': 'msedge.exe', 'pid': 17132}
{'username': 'LAPTOP\\NAVNATH', 'name': 'RuntimeBroker.exe', 'pid': 17140}
{'username': 'LAPTOP\\NAVNATH', 'name': 'PhoneExperienceHost.exe', 'pid': 17216}
{'username': 'LAPTOP\\NAVNATH', 'name': 'powershell.exe', 'pid': 17568}
{'username': 'LAPTOP\\NAVNATH', 'name': 'svchost.exe', 'pid': 17592}
{'username': 'LAPTOP\\NAVNATH', 'name': 'Code.exe', 'pid': 17620}
{'username': 'LAPTOP\\NAVNATH', 'name': 'cmd.exe', 'pid': 17700}
{'username': 'LAPTOP\\NAVNATH', 'name': 'RuntimeBroker.exe', 'pid': 17808}
{'username': 'LAPTOP\\NAVNATH', 'name': 'brave.exe', 'pid': 18020}
{'username': 'LAPTOP\\NAVNATH', 'name': 'msedge.exe', 'pid': 18084}
{'username': 'LAPTOP\\NAVNATH', 'name': 'brave.exe', 'pid': 18252}
{'username': 'LAPTOP\\NAVNATH', 'name': 'brave.exe', 'pid': 18304}
{'username': 'LAPTOP\\NAVNATH', 'name': 'SystemOptimizer.exe', 'pid': 18408}
{'username': 'LAPTOP\\NAVNATH', 'name': 'msedge.exe', 'pid': 18480}
{'username': 'LAPTOP\\NAVNATH', 'name': 'taskhostw.exe', 'pid': 18520}
{'username': 'LAPTOP\\NAVNATH', 'name': 'Widgets.exe', 'pid': 18680}
{'username': 'LAPTOP\\NAVNATH', 'name': 'svchost.exe', 'pid': 18780}
{'username': 'LAPTOP\\NAVNATH', 'name': 'TextInputHost.exe', 'pid': 18800}
{'username': 'LAPTOP\\NAVNATH', 'name': 'StartMenuExperienceHost.exe', 'pid': 18868}
{'username': 'LAPTOP\\NAVNATH', 'name': 'BridgeCommunication.exe', 'pid': 18992}
{'username': 'LAPTOP\\NAVNATH', 'name': 'python.exe', 'pid': 19028}
{'username': None, 'name': 'svchost.exe', 'pid': 19220}
{'username': None, 'name': 'svchost.exe', 'pid': 19228}
{'username': 'LAPTOP\\NAVNATH', 'name': 'python.exe', 'pid': 19380}
{'username': 'LAPTOP\\NAVNATH', 'name': 'conhost.exe', 'pid': 19448}
{'username': 'LAPTOP\\NAVNATH', 'name': 'brave.exe', 'pid': 19528}
{'username': 'LAPTOP\\NAVNATH', 'name': 'msedge.exe', 'pid': 19532}
{'username': 'LAPTOP\\NAVNATH', 'name': 'msedge.exe', 'pid': 19684}
{'username': 'LAPTOP\\NAVNATH', 'name': 'HPSystemEventUtilityBackground.exe', 'pid': 19804}
{'username': 'LAPTOP\\NAVNATH', 'name': 'brave.exe', 'pid': 19876}
{'username': 'LAPTOP\\NAVNATH', 'name': 'Code.exe', 'pid': 20120}
{'username': 'LAPTOP\\NAVNATH', 'name': 'Code.exe', 'pid': 20144}
{'username': None, 'name': 'audiodg.exe', 'pid': 20292}
{'username': 'LAPTOP\\NAVNATH', 'name': 'HPQuickDrop.exe', 'pid': 20444}
{'username': 'LAPTOP\\NAVNATH', 'name': 'brave.exe', 'pid': 20648}
{'username': 'LAPTOP\\NAVNATH', 'name': 'conhost.exe', 'pid': 20852}
{'username': 'LAPTOP\\NAVNATH', 'name': 'RuntimeBroker.exe', 'pid': 21416}
{'username': None, 'name': 'svchost.exe', 'pid': 21432}
