Searching for the files .....
Error occurred: name 'fext' is not defined
Searching for the files .....
Renaming.....
Error occurred: [WinError 2] The system cannot find the file specified: 'copy.txt' -> 'copy.doc'
Searching for the files .....
Renaming.....
Error occurred: join() argument must be str, bytes, or os.PathLike object, not 'list'
Searching for the files .....
Renaming.....
Error occurred: join() argument must be str, bytes, or os.PathLike object, not 'list'
Searching for the files .....
Renaming.....
Renamed: Dummy\copy.txt to Dummy\copy.doc
Renaming.....
Renamed: Dummy\demo.txt to Dummy\demo.doc
Renaming.....
Renamed: Dummy\demo1.txt to Dummy\demo1.doc
No files with extension '.txt' found in directory 'Dummy'.
Searching for the files .....
No files with extension '.txt' found in directory 'Dummy'.
Searching for the files .....
Renaming.....
Error occurred: [WinError 2] The system cannot find the file specified: 'copy.doc' -> 'copy.md'
