--------------------------------------------------------------------------------
DirectoryFile Checksum Logger: Sat Jun  8 17:06:29 2024
--------------------------------------------------------------------------------
Logging activity started... : Sat Jun  8 17:06:29 2024
--------------------------------------------------------------------------------
DirectoryFile Checksum Logger: Sat Jun  8 17:06:29 2024
--------------------------------------------------------------------------------
CheckSums of Files Are Following:
C:\Users\NAVNATH\OneDrive\Desktop\Py\assignments\Assignment11\dummy\assignment9_02 copy.py: 277979488e5182b0f842ea6516d044cb
C:\Users\NAVNATH\OneDrive\Desktop\Py\assignments\Assignment11\dummy\assignment9_1 copy 2.py: ce31ce6090dfe3caed1ac4569e59e134
C:\Users\NAVNATH\OneDrive\Desktop\Py\assignments\Assignment11\dummy\assignment9_1 copy 3.py: ce31ce6090dfe3caed1ac4569e59e134
C:\Users\NAVNATH\OneDrive\Desktop\Py\assignments\Assignment11\dummy\assignment9_1 copy.py: ce31ce6090dfe3caed1ac4569e59e134
C:\Users\NAVNATH\OneDrive\Desktop\Py\assignments\Assignment11\dummy\assignment9_1.py: ce31ce6090dfe3caed1ac4569e59e134
C:\Users\NAVNATH\OneDrive\Desktop\Py\assignments\Assignment11\dummy\assignment9_3 copy 2.py: 73a32cd279361394fffc6c6f36a9a3af
C:\Users\NAVNATH\OneDrive\Desktop\Py\assignments\Assignment11\dummy\assignment9_3 copy 3.py: 73a32cd279361394fffc6c6f36a9a3af
C:\Users\NAVNATH\OneDrive\Desktop\Py\assignments\Assignment11\dummy\assignment9_3 copy 4.py: 73a32cd279361394fffc6c6f36a9a3af
C:\Users\NAVNATH\OneDrive\Desktop\Py\assignments\Assignment11\dummy\assignment9_3 copy 5.py: 73a32cd279361394fffc6c6f36a9a3af
C:\Users\NAVNATH\OneDrive\Desktop\Py\assignments\Assignment11\dummy\assignment9_3 copy.py: 73a32cd279361394fffc6c6f36a9a3af
C:\Users\NAVNATH\OneDrive\Desktop\Py\assignments\Assignment11\dummy\assignment9_4 copy 2.py: 4cd22e2f69a785650495d93a4f405a11
C:\Users\NAVNATH\OneDrive\Desktop\Py\assignments\Assignment11\dummy\assignment9_4 copy 3.py: 4cd22e2f69a785650495d93a4f405a11
C:\Users\NAVNATH\OneDrive\Desktop\Py\assignments\Assignment11\dummy\assignment9_4 copy 4.py: 4cd22e2f69a785650495d93a4f405a11
C:\Users\NAVNATH\OneDrive\Desktop\Py\assignments\Assignment11\dummy\assignment9_4 copy 5.py: 4cd22e2f69a785650495d93a4f405a11
C:\Users\NAVNATH\OneDrive\Desktop\Py\assignments\Assignment11\dummy\assignment9_4 copy 6.py: 4cd22e2f69a785650495d93a4f405a11
C:\Users\NAVNATH\OneDrive\Desktop\Py\assignments\Assignment11\dummy\assignment9_4 copy 7.py: 4cd22e2f69a785650495d93a4f405a11
C:\Users\NAVNATH\OneDrive\Desktop\Py\assignments\Assignment11\dummy\assignment9_4 copy 8.py: 4cd22e2f69a785650495d93a4f405a11
C:\Users\NAVNATH\OneDrive\Desktop\Py\assignments\Assignment11\dummy\assignment9_5.py: 51b4a47bd0766961f4d92f7b31d4ef42
C:\Users\NAVNATH\OneDrive\Desktop\Py\assignments\Assignment11\dummy\demo copy 2.doc: 29ae9cd21396aa242a824bd6598809c5 : Sat Jun  8 17:06:29 2024
--------------------------------------------------------------------------------
DirectoryFile Checksum Logger: Sat Jun  8 17:06:29 2024
--------------------------------------------------------------------------------
Checksum: ce31ce6090dfe3caed1ac4569e59e134 has the following duplicate files: ['C:\\Users\\NAVNATH\\OneDrive\\Desktop\\Py\\assignments\\Assignment11\\dummy\\assignment9_1 copy 2.py', 'C:\\Users\\NAVNATH\\OneDrive\\Desktop\\Py\\assignments\\Assignment11\\dummy\\assignment9_1 copy 3.py', 'C:\\Users\\NAVNATH\\OneDrive\\Desktop\\Py\\assignments\\Assignment11\\dummy\\assignment9_1 copy.py', 'C:\\Users\\NAVNATH\\OneDrive\\Desktop\\Py\\assignments\\Assignment11\\dummy\\assignment9_1.py'] : Sat Jun  8 17:06:29 2024
--------------------------------------------------------------------------------
DirectoryFile Checksum Logger: Sat Jun  8 17:06:29 2024
--------------------------------------------------------------------------------
Checksum: 73a32cd279361394fffc6c6f36a9a3af has the following duplicate files: ['C:\\Users\\NAVNATH\\OneDrive\\Desktop\\Py\\assignments\\Assignment11\\dummy\\assignment9_3 copy 2.py', 'C:\\Users\\NAVNATH\\OneDrive\\Desktop\\Py\\assignments\\Assignment11\\dummy\\assignment9_3 copy 3.py', 'C:\\Users\\NAVNATH\\OneDrive\\Desktop\\Py\\assignments\\Assignment11\\dummy\\assignment9_3 copy 4.py', 'C:\\Users\\NAVNATH\\OneDrive\\Desktop\\Py\\assignments\\Assignment11\\dummy\\assignment9_3 copy 5.py', 'C:\\Users\\NAVNATH\\OneDrive\\Desktop\\Py\\assignments\\Assignment11\\dummy\\assignment9_3 copy.py'] : Sat Jun  8 17:06:29 2024
--------------------------------------------------------------------------------
DirectoryFile Checksum Logger: Sat Jun  8 17:06:29 2024
--------------------------------------------------------------------------------
Checksum: 4cd22e2f69a785650495d93a4f405a11 has the following duplicate files: ['C:\\Users\\NAVNATH\\OneDrive\\Desktop\\Py\\assignments\\Assignment11\\dummy\\assignment9_4 copy 2.py', 'C:\\Users\\NAVNATH\\OneDrive\\Desktop\\Py\\assignments\\Assignment11\\dummy\\assignment9_4 copy 3.py', 'C:\\Users\\NAVNATH\\OneDrive\\Desktop\\Py\\assignments\\Assignment11\\dummy\\assignment9_4 copy 4.py', 'C:\\Users\\NAVNATH\\OneDrive\\Desktop\\Py\\assignments\\Assignment11\\dummy\\assignment9_4 copy 5.py', 'C:\\Users\\NAVNATH\\OneDrive\\Desktop\\Py\\assignments\\Assignment11\\dummy\\assignment9_4 copy 6.py', 'C:\\Users\\NAVNATH\\OneDrive\\Desktop\\Py\\assignments\\Assignment11\\dummy\\assignment9_4 copy 7.py', 'C:\\Users\\NAVNATH\\OneDrive\\Desktop\\Py\\assignments\\Assignment11\\dummy\\assignment9_4 copy 8.py'] : Sat Jun  8 17:06:29 2024
--------------------------------------------------------------------------------
DirectoryFile Checksum Logger: Sat Jun  8 17:06:29 2024
--------------------------------------------------------------------------------
File deleting process Started : Sat Jun  8 17:06:29 2024
--------------------------------------------------------------------------------
DirectoryFile Checksum Logger: Sat Jun  8 17:06:29 2024
--------------------------------------------------------------------------------
C:\Users\NAVNATH\OneDrive\Desktop\Py\assignments\Assignment11\dummy\assignment9_1 copy 2.py is removed or deleted : Sat Jun  8 17:06:29 2024
--------------------------------------------------------------------------------
DirectoryFile Checksum Logger: Sat Jun  8 17:06:29 2024
--------------------------------------------------------------------------------
C:\Users\NAVNATH\OneDrive\Desktop\Py\assignments\Assignment11\dummy\assignment9_1 copy 3.py is removed or deleted : Sat Jun  8 17:06:29 2024
--------------------------------------------------------------------------------
DirectoryFile Checksum Logger: Sat Jun  8 17:06:29 2024
--------------------------------------------------------------------------------
C:\Users\NAVNATH\OneDrive\Desktop\Py\assignments\Assignment11\dummy\assignment9_1 copy.py is removed or deleted : Sat Jun  8 17:06:29 2024
--------------------------------------------------------------------------------
DirectoryFile Checksum Logger: Sat Jun  8 17:06:29 2024
--------------------------------------------------------------------------------
C:\Users\NAVNATH\OneDrive\Desktop\Py\assignments\Assignment11\dummy\assignment9_1.py is removed or deleted : Sat Jun  8 17:06:29 2024
--------------------------------------------------------------------------------
DirectoryFile Checksum Logger: Sat Jun  8 17:06:29 2024
--------------------------------------------------------------------------------
C:\Users\NAVNATH\OneDrive\Desktop\Py\assignments\Assignment11\dummy\assignment9_3 copy 2.py is removed or deleted : Sat Jun  8 17:06:29 2024
--------------------------------------------------------------------------------
DirectoryFile Checksum Logger: Sat Jun  8 17:06:29 2024
--------------------------------------------------------------------------------
C:\Users\NAVNATH\OneDrive\Desktop\Py\assignments\Assignment11\dummy\assignment9_3 copy 3.py is removed or deleted : Sat Jun  8 17:06:29 2024
--------------------------------------------------------------------------------
DirectoryFile Checksum Logger: Sat Jun  8 17:06:29 2024
--------------------------------------------------------------------------------
C:\Users\NAVNATH\OneDrive\Desktop\Py\assignments\Assignment11\dummy\assignment9_3 copy 4.py is removed or deleted : Sat Jun  8 17:06:29 2024
--------------------------------------------------------------------------------
DirectoryFile Checksum Logger: Sat Jun  8 17:06:29 2024
--------------------------------------------------------------------------------
C:\Users\NAVNATH\OneDrive\Desktop\Py\assignments\Assignment11\dummy\assignment9_3 copy 5.py is removed or deleted : Sat Jun  8 17:06:29 2024
--------------------------------------------------------------------------------
DirectoryFile Checksum Logger: Sat Jun  8 17:06:29 2024
--------------------------------------------------------------------------------
C:\Users\NAVNATH\OneDrive\Desktop\Py\assignments\Assignment11\dummy\assignment9_3 copy.py is removed or deleted : Sat Jun  8 17:06:29 2024
--------------------------------------------------------------------------------
DirectoryFile Checksum Logger: Sat Jun  8 17:06:29 2024
--------------------------------------------------------------------------------
C:\Users\NAVNATH\OneDrive\Desktop\Py\assignments\Assignment11\dummy\assignment9_4 copy 2.py is removed or deleted : Sat Jun  8 17:06:29 2024
--------------------------------------------------------------------------------
DirectoryFile Checksum Logger: Sat Jun  8 17:06:29 2024
--------------------------------------------------------------------------------
C:\Users\NAVNATH\OneDrive\Desktop\Py\assignments\Assignment11\dummy\assignment9_4 copy 3.py is removed or deleted : Sat Jun  8 17:06:29 2024
--------------------------------------------------------------------------------
DirectoryFile Checksum Logger: Sat Jun  8 17:06:29 2024
--------------------------------------------------------------------------------
C:\Users\NAVNATH\OneDrive\Desktop\Py\assignments\Assignment11\dummy\assignment9_4 copy 4.py is removed or deleted : Sat Jun  8 17:06:29 2024
--------------------------------------------------------------------------------
DirectoryFile Checksum Logger: Sat Jun  8 17:06:29 2024
--------------------------------------------------------------------------------
C:\Users\NAVNATH\OneDrive\Desktop\Py\assignments\Assignment11\dummy\assignment9_4 copy 5.py is removed or deleted : Sat Jun  8 17:06:29 2024
--------------------------------------------------------------------------------
DirectoryFile Checksum Logger: Sat Jun  8 17:06:29 2024
--------------------------------------------------------------------------------
C:\Users\NAVNATH\OneDrive\Desktop\Py\assignments\Assignment11\dummy\assignment9_4 copy 6.py is removed or deleted : Sat Jun  8 17:06:29 2024
--------------------------------------------------------------------------------
DirectoryFile Checksum Logger: Sat Jun  8 17:06:29 2024
--------------------------------------------------------------------------------
C:\Users\NAVNATH\OneDrive\Desktop\Py\assignments\Assignment11\dummy\assignment9_4 copy 7.py is removed or deleted : Sat Jun  8 17:06:29 2024
--------------------------------------------------------------------------------
DirectoryFile Checksum Logger: Sat Jun  8 17:06:29 2024
--------------------------------------------------------------------------------
C:\Users\NAVNATH\OneDrive\Desktop\Py\assignments\Assignment11\dummy\assignment9_4 copy 8.py is removed or deleted : Sat Jun  8 17:06:29 2024
--------------------------------------------------------------------------------
DirectoryFile Checksum Logger: Sat Jun  8 17:06:29 2024
--------------------------------------------------------------------------------
16 files are removed : Sat Jun  8 17:06:29 2024
