2024-06-10 00:04:51,907 - LoggingModule - INFO - {'name': 'System Idle Process', 'pid': 0, 'username': 'NT AUTHORITY\\SYSTEM'}
2024-06-10 00:04:51,910 - LoggingModule - INFO - {'name': 'System', 'pid': 4, 'username': 'NT AUTHORITY\\SYSTEM'}
2024-06-10 00:04:51,913 - LoggingModule - INFO - {'name': '', 'pid': 140, 'username': None}
2024-06-10 00:04:51,916 - LoggingModule - INFO - {'name': 'Registry', 'pid': 180, 'username': None}
2024-06-10 00:04:51,919 - LoggingModule - INFO - {'name': 'smss.exe', 'pid': 660, 'username': None}
2024-06-10 00:04:51,921 - LoggingModule - INFO - {'name': 'csrss.exe', 'pid': 696, 'username': None}
2024-06-10 00:04:51,924 - LoggingModule - INFO - {'name': 'svchost.exe', 'pid': 736, 'username': None}
2024-06-10 00:04:51,924 - LoggingModule - INFO - {'name': 'msedge.exe', 'pid': 780, 'username': 'LAPTOP\\NAVNATH'}
2024-06-10 00:04:51,927 - LoggingModule - INFO - {'name': 'wininit.exe', 'pid': 1124, 'username': None}
2024-06-10 00:04:51,929 - LoggingModule - INFO - {'name': 'services.exe', 'pid': 1268, 'username': None}
2024-06-10 00:04:51,931 - LoggingModule - INFO - {'name': 'LsaIso.exe', 'pid': 1276, 'username': None}
2024-06-10 00:04:51,933 - LoggingModule - INFO - {'name': 'lsass.exe', 'pid': 1300, 'username': None}
2024-06-10 00:04:51,935 - LoggingModule - INFO - {'name': 'svchost.exe', 'pid': 1428, 'username': None}
2024-06-10 00:04:51,937 - LoggingModule - INFO - {'name': 'fontdrvhost.exe', 'pid': 1460, 'username': None}
2024-06-10 00:04:51,938 - LoggingModule - INFO - {'name': 'svchost.exe', 'pid': 1524, 'username': 'LAPTOP\\NAVNATH'}
2024-06-10 00:04:51,938 - LoggingModule - INFO - {'name': 'Code.exe', 'pid': 1536, 'username': 'LAPTOP\\NAVNATH'}
2024-06-10 00:04:51,941 - LoggingModule - INFO - {'name': 'svchost.exe', 'pid': 1568, 'username': None}
2024-06-10 00:04:51,943 - LoggingModule - INFO - {'name': 'svchost.exe', 'pid': 1612, 'username': None}
2024-06-10 00:04:51,946 - LoggingModule - INFO - {'name': 'svchost.exe', 'pid': 1784, 'username': None}
2024-06-10 00:04:51,948 - LoggingModule - INFO - {'name': 'svchost.exe', 'pid': 1864, 'username': None}
2024-06-10 00:04:51,950 - LoggingModule - INFO - {'name': 'svchost.exe', 'pid': 1872, 'username': None}
2024-06-10 00:04:51,952 - LoggingModule - INFO - {'name': 'svchost.exe', 'pid': 1884, 'username': None}
2024-06-10 00:04:51,952 - LoggingModule - INFO - {'name': 'AdobeIPCBroker.exe', 'pid': 1928, 'username': 'LAPTOP\\NAVNATH'}
2024-06-10 00:04:51,952 - LoggingModule - INFO - {'name': 'msedge.exe', 'pid': 1948, 'username': 'LAPTOP\\NAVNATH'}
2024-06-10 00:04:51,952 - LoggingModule - INFO - {'name': 'explorer.exe', 'pid': 2016, 'username': 'LAPTOP\\NAVNATH'}
2024-06-10 00:04:51,955 - LoggingModule - INFO - {'name': 'svchost.exe', 'pid': 2036, 'username': None}
2024-06-10 00:04:51,958 - LoggingModule - INFO - {'name': 'svchost.exe', 'pid': 2068, 'username': None}
2024-06-10 00:04:51,960 - LoggingModule - INFO - {'name': 'svchost.exe', 'pid': 2080, 'username': None}
2024-06-10 00:04:51,962 - LoggingModule - INFO - {'name': 'svchost.exe', 'pid': 2120, 'username': None}
2024-06-10 00:04:51,963 - LoggingModule - INFO - {'name': 'svchost.exe', 'pid': 2132, 'username': None}
2024-06-10 00:04:51,964 - LoggingModule - INFO - {'name': 'brave.exe', 'pid': 2164, 'username': 'LAPTOP\\NAVNATH'}
2024-06-10 00:04:51,965 - LoggingModule - INFO - {'name': 'msedge.exe', 'pid': 2240, 'username': 'LAPTOP\\NAVNATH'}
2024-06-10 00:04:51,967 - LoggingModule - INFO - {'name': 'svchost.exe', 'pid': 2244, 'username': None}
2024-06-10 00:04:51,969 - LoggingModule - INFO - {'name': 'svchost.exe', 'pid': 2260, 'username': None}
2024-06-10 00:04:51,970 - LoggingModule - INFO - {'name': 'MoUsoCoreWorker.exe', 'pid': 2264, 'username': None}
2024-06-10 00:04:51,973 - LoggingModule - INFO - {'name': 'svchost.exe', 'pid': 2292, 'username': None}
2024-06-10 00:04:51,973 - LoggingModule - INFO - {'name': 'python.exe', 'pid': 2376, 'username': 'LAPTOP\\NAVNATH'}
2024-06-10 00:04:51,973 - LoggingModule - INFO - {'name': 'Code.exe', 'pid': 2448, 'username': 'LAPTOP\\NAVNATH'}
2024-06-10 00:04:51,976 - LoggingModule - INFO - {'name': 'svchost.exe', 'pid': 2488, 'username': None}
2024-06-10 00:04:51,979 - LoggingModule - INFO - {'name': 'svchost.exe', 'pid': 2500, 'username': None}
2024-06-10 00:04:51,980 - LoggingModule - INFO - {'name': 'python.exe', 'pid': 2688, 'username': 'LAPTOP\\NAVNATH'}
2024-06-10 00:04:51,980 - LoggingModule - INFO - {'name': 'brave.exe', 'pid': 2796, 'username': 'LAPTOP\\NAVNATH'}
2024-06-10 00:04:51,983 - LoggingModule - INFO - {'name': 'svchost.exe', 'pid': 2804, 'username': None}
2024-06-10 00:04:51,985 - LoggingModule - INFO - {'name': 'svchost.exe', 'pid': 2840, 'username': None}
2024-06-10 00:04:51,987 - LoggingModule - INFO - {'name': 'svchost.exe', 'pid': 2872, 'username': None}
2024-06-10 00:04:51,990 - LoggingModule - INFO - {'name': 'svchost.exe', 'pid': 2924, 'username': None}
2024-06-10 00:04:51,992 - LoggingModule - INFO - {'name': 'svchost.exe', 'pid': 2964, 'username': None}
2024-06-10 00:04:51,994 - LoggingModule - INFO - {'name': 'svchost.exe', 'pid': 2984, 'username': None}
2024-06-10 00:04:51,996 - LoggingModule - INFO - {'name': 'OmenCap.exe', 'pid': 3004, 'username': None}
2024-06-10 00:04:51,996 - LoggingModule - INFO - {'name': 'ApplicationFrameHost.exe', 'pid': 3012, 'username': 'LAPTOP\\NAVNATH'}
2024-06-10 00:04:51,999 - LoggingModule - INFO - {'name': 'svchost.exe', 'pid': 3088, 'username': None}
2024-06-10 00:04:52,001 - LoggingModule - INFO - {'name': 'NVDisplay.Container.exe', 'pid': 3096, 'username': None}
2024-06-10 00:04:52,004 - LoggingModule - INFO - {'name': 'svchost.exe', 'pid': 3204, 'username': None}
2024-06-10 00:04:52,004 - LoggingModule - INFO - {'name': 'Notepad.exe', 'pid': 3212, 'username': 'LAPTOP\\NAVNATH'}
2024-06-10 00:04:52,008 - LoggingModule - INFO - {'name': 'svchost.exe', 'pid': 3244, 'username': None}
2024-06-10 00:04:52,011 - LoggingModule - INFO - {'name': 'svchost.exe', 'pid': 3268, 'username': None}
2024-06-10 00:04:52,013 - LoggingModule - INFO - {'name': 'svchost.exe', 'pid': 3320, 'username': None}
2024-06-10 00:04:52,016 - LoggingModule - INFO - {'name': 'svchost.exe', 'pid': 3328, 'username': None}
2024-06-10 00:04:52,019 - LoggingModule - INFO - {'name': 'svchost.exe', 'pid': 3336, 'username': None}
2024-06-10 00:04:52,019 - LoggingModule - INFO - {'name': 'svchost.exe', 'pid': 3344, 'username': 'LAPTOP\\NAVNATH'}
2024-06-10 00:04:52,022 - LoggingModule - INFO - {'name': 'svchost.exe', 'pid': 3356, 'username': None}
2024-06-10 00:04:52,024 - LoggingModule - INFO - {'name': 'MemCompression', 'pid': 3436, 'username': None}
2024-06-10 00:04:52,025 - LoggingModule - INFO - {'name': 'svchost.exe', 'pid': 3472, 'username': None}
2024-06-10 00:04:52,028 - LoggingModule - INFO - {'name': 'svchost.exe', 'pid': 3500, 'username': None}
2024-06-10 00:04:52,030 - LoggingModule - INFO - {'name': 'svchost.exe', 'pid': 3572, 'username': None}
2024-06-10 00:04:52,031 - LoggingModule - INFO - {'name': 'svchost.exe', 'pid': 3588, 'username': None}
2024-06-10 00:04:52,036 - LoggingModule - INFO - {'name': 'SysInfoCap.exe', 'pid': 3596, 'username': None}
2024-06-10 00:04:52,038 - LoggingModule - INFO - {'name': 'DiagsCap.exe', 'pid': 3604, 'username': None}
2024-06-10 00:04:52,040 - LoggingModule - INFO - {'name': 'NetworkCap.exe', 'pid': 3612, 'username': None}
2024-06-10 00:04:52,042 - LoggingModule - INFO - {'name': 'AppHelperCap.exe', 'pid': 3620, 'username': None}
2024-06-10 00:04:52,045 - LoggingModule - INFO - {'name': 'TouchpointAnalyticsClientService.exe', 'pid': 3628, 'username': None}
2024-06-10 00:04:52,045 - LoggingModule - INFO - {'name': 'RuntimeBroker.exe', 'pid': 3720, 'username': 'LAPTOP\\NAVNATH'}
2024-06-10 00:04:52,045 - LoggingModule - INFO - {'name': 'SnippingTool.exe', 'pid': 3776, 'username': 'LAPTOP\\NAVNATH'}
2024-06-10 00:04:52,049 - LoggingModule - INFO - {'name': 'svchost.exe', 'pid': 3832, 'username': None}
2024-06-10 00:04:52,050 - LoggingModule - INFO - {'name': 'svchost.exe', 'pid': 3984, 'username': 'LAPTOP\\NAVNATH'}
2024-06-10 00:04:52,052 - LoggingModule - INFO - {'name': 'hp-one-agent-service.exe', 'pid': 4088, 'username': None}
2024-06-10 00:04:52,056 - LoggingModule - INFO - {'name': 'svchost.exe', 'pid': 4104, 'username': None}
2024-06-10 00:04:52,059 - LoggingModule - INFO - {'name': 'svchost.exe', 'pid': 4312, 'username': None}
2024-06-10 00:04:52,061 - LoggingModule - INFO - {'name': 'svchost.exe', 'pid': 4388, 'username': None}
2024-06-10 00:04:52,062 - LoggingModule - INFO - {'name': 'py.exe', 'pid': 4412, 'username': 'LAPTOP\\NAVNATH'}
2024-06-10 00:04:52,065 - LoggingModule - INFO - {'name': 'svchost.exe', 'pid': 4476, 'username': None}
2024-06-10 00:04:52,068 - LoggingModule - INFO - {'name': 'svchost.exe', 'pid': 4560, 'username': None}
2024-06-10 00:04:52,068 - LoggingModule - INFO - {'name': 'UserOOBEBroker.exe', 'pid': 4564, 'username': 'LAPTOP\\NAVNATH'}
2024-06-10 00:04:52,071 - LoggingModule - INFO - {'name': 'svchost.exe', 'pid': 4664, 'username': None}
2024-06-10 00:04:52,072 - LoggingModule - INFO - {'name': 'svchost.exe', 'pid': 4672, 'username': None}
2024-06-10 00:04:52,075 - LoggingModule - INFO - {'name': 'svchost.exe', 'pid': 4716, 'username': None}
2024-06-10 00:04:52,077 - LoggingModule - INFO - {'name': 'svchost.exe', 'pid': 4864, 'username': None}
2024-06-10 00:04:52,080 - LoggingModule - INFO - {'name': 'svchost.exe', 'pid': 4868, 'username': None}
2024-06-10 00:04:52,082 - LoggingModule - INFO - {'name': 'svchost.exe', 'pid': 4948, 'username': None}
2024-06-10 00:04:52,084 - LoggingModule - INFO - {'name': 'svchost.exe', 'pid': 4984, 'username': None}
2024-06-10 00:04:52,087 - LoggingModule - INFO - {'name': 'spoolsv.exe', 'pid': 5012, 'username': None}
2024-06-10 00:04:52,087 - LoggingModule - INFO - {'name': 'svchost.exe', 'pid': 5040, 'username': 'LAPTOP\\NAVNATH'}
2024-06-10 00:04:52,089 - LoggingModule - INFO - {'name': 'svchost.exe', 'pid': 5048, 'username': None}
2024-06-10 00:04:52,091 - LoggingModule - INFO - {'name': 'svchost.exe', 'pid': 5152, 'username': None}
2024-06-10 00:04:52,092 - LoggingModule - INFO - {'name': 'svchost.exe', 'pid': 5288, 'username': None}
2024-06-10 00:04:52,093 - LoggingModule - INFO - {'name': 'conhost.exe', 'pid': 5320, 'username': 'LAPTOP\\NAVNATH'}
2024-06-10 00:04:52,095 - LoggingModule - INFO - {'name': 'svchost.exe', 'pid': 5388, 'username': None}
2024-06-10 00:04:52,098 - LoggingModule - INFO - {'name': 'svchost.exe', 'pid': 5456, 'username': None}
2024-06-10 00:04:52,100 - LoggingModule - INFO - {'name': 'SECOMN64.exe', 'pid': 5464, 'username': None}
2024-06-10 00:04:52,102 - LoggingModule - INFO - {'name': 'svchost.exe', 'pid': 5472, 'username': None}
2024-06-10 00:04:52,105 - LoggingModule - INFO - {'name': 'svchost.exe', 'pid': 5484, 'username': None}
2024-06-10 00:04:52,108 - LoggingModule - INFO - {'name': 'svchost.exe', 'pid': 5492, 'username': None}
2024-06-10 00:04:52,112 - LoggingModule - INFO - {'name': 'svchost.exe', 'pid': 5508, 'username': None}
2024-06-10 00:04:52,114 - LoggingModule - INFO - {'name': 'MsMpEng.exe', 'pid': 5528, 'username': None}
2024-06-10 00:04:52,118 - LoggingModule - INFO - {'name': 'mongod.exe', 'pid': 5540, 'username': None}
2024-06-10 00:04:52,120 - LoggingModule - INFO - {'name': 'OfficeClickToRun.exe', 'pid': 5548, 'username': None}
2024-06-10 00:04:52,122 - LoggingModule - INFO - {'name': 'MpDefenderCoreService.exe', 'pid': 5564, 'username': None}
2024-06-10 00:04:52,124 - LoggingModule - INFO - {'name': 'svchost.exe', 'pid': 5580, 'username': None}
2024-06-10 00:04:52,127 - LoggingModule - INFO - {'name': 'svchost.exe', 'pid': 5604, 'username': None}
2024-06-10 00:04:52,129 - LoggingModule - INFO - {'name': 'svchost.exe', 'pid': 5636, 'username': None}
2024-06-10 00:04:52,130 - LoggingModule - INFO - {'name': 'msedge.exe', 'pid': 5716, 'username': 'LAPTOP\\NAVNATH'}
2024-06-10 00:04:52,130 - LoggingModule - INFO - {'name': 'python.exe', 'pid': 5736, 'username': 'LAPTOP\\NAVNATH'}
2024-06-10 00:04:52,130 - LoggingModule - INFO - {'name': 'dllhost.exe', 'pid': 5856, 'username': 'LAPTOP\\NAVNATH'}
2024-06-10 00:04:52,133 - LoggingModule - INFO - {'name': 'omtsreco.exe', 'pid': 5888, 'username': None}
2024-06-10 00:04:52,133 - LoggingModule - INFO - {'name': 'ShellExperienceHost.exe', 'pid': 5964, 'username': 'LAPTOP\\NAVNATH'}
2024-06-10 00:04:52,133 - LoggingModule - INFO - {'name': 'OpenConsole.exe', 'pid': 5976, 'username': 'LAPTOP\\NAVNATH'}
2024-06-10 00:04:52,134 - LoggingModule - INFO - {'name': 'msedge.exe', 'pid': 5992, 'username': 'LAPTOP\\NAVNATH'}
2024-06-10 00:04:52,136 - LoggingModule - INFO - {'name': 'svchost.exe', 'pid': 6016, 'username': None}
2024-06-10 00:04:52,138 - LoggingModule - INFO - {'name': 'oracle.exe', 'pid': 6024, 'username': None}
2024-06-10 00:04:52,138 - LoggingModule - INFO - {'name': 'Widgets.exe', 'pid': 6076, 'username': 'LAPTOP\\NAVNATH'}
2024-06-10 00:04:52,139 - LoggingModule - INFO - {'name': 'RuntimeBroker.exe', 'pid': 6120, 'username': 'LAPTOP\\NAVNATH'}
2024-06-10 00:04:52,141 - LoggingModule - INFO - {'name': 'svchost.exe', 'pid': 6172, 'username': None}
2024-06-10 00:04:52,141 - LoggingModule - INFO - {'name': 'HPQuickDrop.exe', 'pid': 6180, 'username': 'LAPTOP\\NAVNATH'}
2024-06-10 00:04:52,142 - LoggingModule - INFO - {'name': 'conhost.exe', 'pid': 6220, 'username': 'LAPTOP\\NAVNATH'}
2024-06-10 00:04:52,145 - LoggingModule - INFO - {'name': 'svchost.exe', 'pid': 6256, 'username': None}
2024-06-10 00:04:52,145 - LoggingModule - INFO - {'name': 'LockApp.exe', 'pid': 6428, 'username': 'LAPTOP\\NAVNATH'}
2024-06-10 00:04:52,148 - LoggingModule - INFO - {'name': 'svchost.exe', 'pid': 6516, 'username': None}
2024-06-10 00:04:52,150 - LoggingModule - INFO - {'name': 'svchost.exe', 'pid': 6572, 'username': None}
2024-06-10 00:04:52,150 - LoggingModule - INFO - {'name': 'OmenCommandCenterBackground.exe', 'pid': 6600, 'username': 'LAPTOP\\NAVNATH'}
2024-06-10 00:04:52,152 - LoggingModule - INFO - {'name': 'svchost.exe', 'pid': 6652, 'username': None}
2024-06-10 00:04:52,153 - LoggingModule - INFO - {'name': 'Code.exe', 'pid': 6664, 'username': 'LAPTOP\\NAVNATH'}
2024-06-10 00:04:52,155 - LoggingModule - INFO - {'name': 'svchost.exe', 'pid': 6828, 'username': None}
2024-06-10 00:04:52,158 - LoggingModule - INFO - {'name': 'WmiPrvSE.exe', 'pid': 6904, 'username': None}
2024-06-10 00:04:52,158 - LoggingModule - INFO - {'name': 'powershell.exe', 'pid': 6976, 'username': 'LAPTOP\\NAVNATH'}
2024-06-10 00:04:52,161 - LoggingModule - INFO - {'name': 'AggregatorHost.exe', 'pid': 7040, 'username': None}
2024-06-10 00:04:52,164 - LoggingModule - INFO - {'name': 'unsecapp.exe', 'pid': 7108, 'username': None}
2024-06-10 00:04:52,166 - LoggingModule - INFO - {'name': 'svchost.exe', 'pid': 7132, 'username': None}
2024-06-10 00:04:52,167 - LoggingModule - INFO - {'name': 'msedge.exe', 'pid': 7204, 'username': 'LAPTOP\\NAVNATH'}
2024-06-10 00:04:52,170 - LoggingModule - INFO - {'name': 'NisSrv.exe', 'pid': 7260, 'username': None}
2024-06-10 00:04:52,170 - LoggingModule - INFO - {'name': 'dllhost.exe', 'pid': 7288, 'username': 'LAPTOP\\NAVNATH'}
2024-06-10 00:04:52,172 - LoggingModule - INFO - {'name': 'NVDisplay.Container.exe', 'pid': 7380, 'username': None}
2024-06-10 00:04:52,173 - LoggingModule - INFO - {'name': 'Code.exe', 'pid': 7424, 'username': 'LAPTOP\\NAVNATH'}
2024-06-10 00:04:52,176 - LoggingModule - INFO - {'name': 'svchost.exe', 'pid': 7492, 'username': None}
2024-06-10 00:04:52,180 - LoggingModule - INFO - {'name': 'SearchIndexer.exe', 'pid': 7500, 'username': None}
2024-06-10 00:04:52,183 - LoggingModule - INFO - {'name': 'svchost.exe', 'pid': 7764, 'username': None}
2024-06-10 00:04:52,184 - LoggingModule - INFO - {'name': 'msedge.exe', 'pid': 7924, 'username': 'LAPTOP\\NAVNATH'}
2024-06-10 00:04:52,184 - LoggingModule - INFO - {'name': 'msedge.exe', 'pid': 8232, 'username': 'LAPTOP\\NAVNATH'}
2024-06-10 00:04:52,184 - LoggingModule - INFO - {'name': 'msedge.exe', 'pid': 8332, 'username': 'LAPTOP\\NAVNATH'}
2024-06-10 00:04:52,189 - LoggingModule - INFO - {'name': 'fontdrvhost.exe', 'pid': 8392, 'username': None}
2024-06-10 00:04:52,192 - LoggingModule - INFO - {'name': 'svchost.exe', 'pid': 8452, 'username': None}
2024-06-10 00:04:52,196 - LoggingModule - INFO - {'name': 'svchost.exe', 'pid': 8468, 'username': None}
2024-06-10 00:04:52,196 - LoggingModule - INFO - {'name': 'RuntimeBroker.exe', 'pid': 8500, 'username': 'LAPTOP\\NAVNATH'}
2024-06-10 00:04:52,197 - LoggingModule - INFO - {'name': 'svchost.exe', 'pid': 8792, 'username': 'LAPTOP\\NAVNATH'}
2024-06-10 00:04:52,197 - LoggingModule - INFO - {'name': 'powershell.exe', 'pid': 9024, 'username': 'LAPTOP\\NAVNATH'}
2024-06-10 00:04:52,200 - LoggingModule - INFO - {'name': 'svchost.exe', 'pid': 9064, 'username': None}
2024-06-10 00:04:52,200 - LoggingModule - INFO - {'name': 'SDXHelper.exe', 'pid': 9112, 'username': 'LAPTOP\\NAVNATH'}
2024-06-10 00:04:52,201 - LoggingModule - INFO - {'name': 'SystemSettings.exe', 'pid': 9184, 'username': 'LAPTOP\\NAVNATH'}
2024-06-10 00:04:52,201 - LoggingModule - INFO - {'name': 'HPSystemEventUtilityHost.exe', 'pid': 9228, 'username': 'LAPTOP\\NAVNATH'}
2024-06-10 00:04:52,202 - LoggingModule - INFO - {'name': 'RuntimeBroker.exe', 'pid': 9420, 'username': 'LAPTOP\\NAVNATH'}
2024-06-10 00:04:52,202 - LoggingModule - INFO - {'name': 'WidgetService.exe', 'pid': 9424, 'username': 'LAPTOP\\NAVNATH'}
2024-06-10 00:04:52,205 - LoggingModule - INFO - {'name': 'winlogon.exe', 'pid': 9904, 'username': None}
2024-06-10 00:04:52,206 - LoggingModule - INFO - {'name': 'conhost.exe', 'pid': 10368, 'username': 'LAPTOP\\NAVNATH'}
2024-06-10 00:04:52,209 - LoggingModule - INFO - {'name': 'svchost.exe', 'pid': 10504, 'username': None}
2024-06-10 00:04:52,210 - LoggingModule - INFO - {'name': 'node.exe', 'pid': 10648, 'username': 'LAPTOP\\NAVNATH'}
2024-06-10 00:04:52,213 - LoggingModule - INFO - {'name': 'svchost.exe', 'pid': 10788, 'username': None}
2024-06-10 00:04:52,213 - LoggingModule - INFO - {'name': 'StartMenuExperienceHost.exe', 'pid': 10792, 'username': 'LAPTOP\\NAVNATH'}
2024-06-10 00:04:52,213 - LoggingModule - INFO - {'name': 'msedge.exe', 'pid': 10808, 'username': 'LAPTOP\\NAVNATH'}
2024-06-10 00:04:52,217 - LoggingModule - INFO - {'name': 'svchost.exe', 'pid': 11140, 'username': None}
2024-06-10 00:04:52,219 - LoggingModule - INFO - {'name': 'SecurityHealthService.exe', 'pid': 11348, 'username': None}
2024-06-10 00:04:52,222 - LoggingModule - INFO - {'name': 'svchost.exe', 'pid': 11360, 'username': None}
2024-06-10 00:04:52,222 - LoggingModule - INFO - {'name': 'RuntimeBroker.exe', 'pid': 11408, 'username': 'LAPTOP\\NAVNATH'}
2024-06-10 00:04:52,222 - LoggingModule - INFO - {'name': 'brave.exe', 'pid': 11540, 'username': 'LAPTOP\\NAVNATH'}
2024-06-10 00:04:52,222 - LoggingModule - INFO - {'name': 'svchost.exe', 'pid': 11656, 'username': 'LAPTOP\\NAVNATH'}
2024-06-10 00:04:52,223 - LoggingModule - INFO - {'name': 'RuntimeBroker.exe', 'pid': 12144, 'username': 'LAPTOP\\NAVNATH'}
2024-06-10 00:04:52,223 - LoggingModule - INFO - {'name': 'msedge.exe', 'pid': 12212, 'username': 'LAPTOP\\NAVNATH'}
2024-06-10 00:04:52,225 - LoggingModule - INFO - {'name': 'WUDFHost.exe', 'pid': 12352, 'username': None}
2024-06-10 00:04:52,226 - LoggingModule - INFO - {'name': 'BridgeCommunication.exe', 'pid': 12748, 'username': 'LAPTOP\\NAVNATH'}
2024-06-10 00:04:52,226 - LoggingModule - INFO - {'name': 'dllhost.exe', 'pid': 12968, 'username': 'LAPTOP\\NAVNATH'}
2024-06-10 00:04:52,226 - LoggingModule - INFO - {'name': 'HPAudioSwitch.exe', 'pid': 13032, 'username': 'LAPTOP\\NAVNATH'}
2024-06-10 00:04:52,226 - LoggingModule - INFO - {'name': 'brave.exe', 'pid': 13060, 'username': 'LAPTOP\\NAVNATH'}
2024-06-10 00:04:52,226 - LoggingModule - INFO - {'name': 'Code.exe', 'pid': 13064, 'username': 'LAPTOP\\NAVNATH'}
2024-06-10 00:04:52,230 - LoggingModule - INFO - {'name': 'WmiPrvSE.exe', 'pid': 13168, 'username': None}
2024-06-10 00:04:52,231 - LoggingModule - INFO - {'name': 'OmenInstallMonitor.exe', 'pid': 13216, 'username': 'LAPTOP\\NAVNATH'}
2024-06-10 00:04:52,231 - LoggingModule - INFO - {'name': 'msedge.exe', 'pid': 13592, 'username': 'LAPTOP\\NAVNATH'}
2024-06-10 00:04:52,231 - LoggingModule - INFO - {'name': 'RuntimeBroker.exe', 'pid': 13764, 'username': 'LAPTOP\\NAVNATH'}
2024-06-10 00:04:52,231 - LoggingModule - INFO - {'name': 'svchost.exe', 'pid': 13784, 'username': 'LAPTOP\\NAVNATH'}
2024-06-10 00:04:52,231 - LoggingModule - INFO - {'name': 'RuntimeBroker.exe', 'pid': 14320, 'username': 'LAPTOP\\NAVNATH'}
2024-06-10 00:04:52,232 - LoggingModule - INFO - {'name': 'SearchHost.exe', 'pid': 14500, 'username': 'LAPTOP\\NAVNATH'}
2024-06-10 00:04:52,232 - LoggingModule - INFO - {'name': 'msedge.exe', 'pid': 14624, 'username': 'LAPTOP\\NAVNATH'}
2024-06-10 00:04:52,232 - LoggingModule - INFO - {'name': 'PAD.Console.Host.exe', 'pid': 14672, 'username': 'LAPTOP\\NAVNATH'}
2024-06-10 00:04:52,232 - LoggingModule - INFO - {'name': 'audiodg.exe', 'pid': 14696, 'username': None}
2024-06-10 00:04:52,233 - LoggingModule - INFO - {'name': 'conhost.exe', 'pid': 14880, 'username': 'LAPTOP\\NAVNATH'}
2024-06-10 00:04:52,233 - LoggingModule - INFO - {'name': 'brave.exe', 'pid': 15052, 'username': 'LAPTOP\\NAVNATH'}
2024-06-10 00:04:52,233 - LoggingModule - INFO - {'name': 'Video.UI.exe', 'pid': 15140, 'username': 'LAPTOP\\NAVNATH'}
2024-06-10 00:04:52,234 - LoggingModule - INFO - {'name': 'brave.exe', 'pid': 15252, 'username': 'LAPTOP\\NAVNATH'}
2024-06-10 00:04:52,237 - LoggingModule - INFO - {'name': 'svchost.exe', 'pid': 15352, 'username': None}
2024-06-10 00:04:52,238 - LoggingModule - INFO - {'name': 'brave.exe', 'pid': 15444, 'username': 'LAPTOP\\NAVNATH'}
2024-06-10 00:04:52,238 - LoggingModule - INFO - {'name': 'SnippingTool.exe', 'pid': 15680, 'username': 'LAPTOP\\NAVNATH'}
2024-06-10 00:04:52,238 - LoggingModule - INFO - {'name': 'svchost.exe', 'pid': 15692, 'username': 'LAPTOP\\NAVNATH'}
2024-06-10 00:04:52,238 - LoggingModule - INFO - {'name': 'brave.exe', 'pid': 15912, 'username': 'LAPTOP\\NAVNATH'}
2024-06-10 00:04:52,241 - LoggingModule - INFO - {'name': 'svchost.exe', 'pid': 15948, 'username': None}
2024-06-10 00:04:52,242 - LoggingModule - INFO - {'name': 'brave.exe', 'pid': 15972, 'username': 'LAPTOP\\NAVNATH'}
2024-06-10 00:04:52,242 - LoggingModule - INFO - {'name': 'sihost.exe', 'pid': 16052, 'username': 'LAPTOP\\NAVNATH'}
2024-06-10 00:04:52,242 - LoggingModule - INFO - {'name': 'msedge.exe', 'pid': 16212, 'username': 'LAPTOP\\NAVNATH'}
2024-06-10 00:04:52,246 - LoggingModule - INFO - {'name': 'csrss.exe', 'pid': 16264, 'username': None}
2024-06-10 00:04:52,247 - LoggingModule - INFO - {'name': 'powershell.exe', 'pid': 16272, 'username': 'LAPTOP\\NAVNATH'}
2024-06-10 00:04:52,247 - LoggingModule - INFO - {'name': 'dllhost.exe', 'pid': 16304, 'username': 'LAPTOP\\NAVNATH'}
2024-06-10 00:04:52,247 - LoggingModule - INFO - {'name': 'RuntimeBroker.exe', 'pid': 16680, 'username': 'LAPTOP\\NAVNATH'}
2024-06-10 00:04:52,248 - LoggingModule - INFO - {'name': 'msedge.exe', 'pid': 17052, 'username': 'LAPTOP\\NAVNATH'}
2024-06-10 00:04:52,248 - LoggingModule - INFO - {'name': 'msedge.exe', 'pid': 17152, 'username': 'LAPTOP\\NAVNATH'}
2024-06-10 00:04:52,248 - LoggingModule - INFO - {'name': 'SystemSettingsBroker.exe', 'pid': 17300, 'username': 'LAPTOP\\NAVNATH'}
2024-06-10 00:04:52,248 - LoggingModule - INFO - {'name': 'Code.exe', 'pid': 17316, 'username': 'LAPTOP\\NAVNATH'}
2024-06-10 00:04:52,250 - LoggingModule - INFO - {'name': 'Code.exe', 'pid': 17532, 'username': 'LAPTOP\\NAVNATH'}
2024-06-10 00:04:52,252 - LoggingModule - INFO - {'name': 'dwm.exe', 'pid': 17728, 'username': None}
2024-06-10 00:04:52,253 - LoggingModule - INFO - {'name': 'conhost.exe', 'pid': 17744, 'username': 'LAPTOP\\NAVNATH'}
2024-06-10 00:04:52,254 - LoggingModule - INFO - {'name': 'Code.exe', 'pid': 17940, 'username': 'LAPTOP\\NAVNATH'}
2024-06-10 00:04:52,254 - LoggingModule - INFO - {'name': 'svchost.exe', 'pid': 18028, 'username': 'LAPTOP\\NAVNATH'}
2024-06-10 00:04:52,254 - LoggingModule - INFO - {'name': 'msedge.exe', 'pid': 18364, 'username': 'LAPTOP\\NAVNATH'}
2024-06-10 00:04:52,255 - LoggingModule - INFO - {'name': 'conhost.exe', 'pid': 18588, 'username': 'LAPTOP\\NAVNATH'}
2024-06-10 00:04:52,255 - LoggingModule - INFO - {'name': 'SECOCL64.exe', 'pid': 18924, 'username': 'LAPTOP\\NAVNATH'}
2024-06-10 00:04:52,255 - LoggingModule - INFO - {'name': 'HPSystemEventUtilityBackground.exe', 'pid': 19096, 'username': 'LAPTOP\\NAVNATH'}
2024-06-10 00:04:52,256 - LoggingModule - INFO - {'name': 'taskhostw.exe', 'pid': 19196, 'username': 'LAPTOP\\NAVNATH'}
2024-06-10 00:04:52,256 - LoggingModule - INFO - {'name': 'OverlayHelper.exe', 'pid': 19220, 'username': 'LAPTOP\\NAVNATH'}
2024-06-10 00:04:52,261 - LoggingModule - INFO - {'name': 'svchost.exe', 'pid': 19228, 'username': None}
2024-06-10 00:04:52,261 - LoggingModule - INFO - {'name': 'SystemOptimizer.exe', 'pid': 19520, 'username': 'LAPTOP\\NAVNATH'}
2024-06-10 00:04:52,261 - LoggingModule - INFO - {'name': 'msedge.exe', 'pid': 19528, 'username': 'LAPTOP\\NAVNATH'}
2024-06-10 00:04:52,262 - LoggingModule - INFO - {'name': 'CCXProcess.exe', 'pid': 19852, 'username': 'LAPTOP\\NAVNATH'}
2024-06-10 00:04:52,262 - LoggingModule - INFO - {'name': 'Code.exe', 'pid': 20244, 'username': 'LAPTOP\\NAVNATH'}
2024-06-10 00:04:52,263 - LoggingModule - INFO - {'name': 'WindowsTerminal.exe', 'pid': 20320, 'username': 'LAPTOP\\NAVNATH'}
2024-06-10 00:04:52,263 - LoggingModule - INFO - {'name': 'conhost.exe', 'pid': 20348, 'username': 'LAPTOP\\NAVNATH'}
2024-06-10 00:04:52,263 - LoggingModule - INFO - {'name': 'conhost.exe', 'pid': 20552, 'username': 'LAPTOP\\NAVNATH'}
2024-06-10 00:04:52,264 - LoggingModule - INFO - {'name': 'unsecapp.exe', 'pid': 20896, 'username': 'LAPTOP\\NAVNATH'}
2024-06-10 00:04:52,264 - LoggingModule - INFO - {'name': 'cmd.exe', 'pid': 20988, 'username': 'LAPTOP\\NAVNATH'}
2024-06-10 00:04:52,264 - LoggingModule - INFO - {'name': 'ctfmon.exe', 'pid': 21164, 'username': 'LAPTOP\\NAVNATH'}
2024-06-10 00:04:52,264 - LoggingModule - INFO - {'name': 'TextInputHost.exe', 'pid': 21404, 'username': 'LAPTOP\\NAVNATH'}
2024-06-10 00:04:52,264 - LoggingModule - INFO - {'name': 'msedge.exe', 'pid': 21476, 'username': 'LAPTOP\\NAVNATH'}
2024-06-10 00:04:52,280 - LoggingModule - INFO - {'name': 'System Idle Process', 'pid': 0, 'username': 'NT AUTHORITY\\SYSTEM'}
2024-06-10 00:04:52,282 - LoggingModule - INFO - {'name': 'System', 'pid': 4, 'username': 'NT AUTHORITY\\SYSTEM'}
2024-06-10 00:04:52,285 - LoggingModule - INFO - {'name': '', 'pid': 140, 'username': None}
2024-06-10 00:04:52,287 - LoggingModule - INFO - {'name': 'Registry', 'pid': 180, 'username': None}
2024-06-10 00:04:52,289 - LoggingModule - INFO - {'name': 'smss.exe', 'pid': 660, 'username': None}
2024-06-10 00:04:52,292 - LoggingModule - INFO - {'name': 'csrss.exe', 'pid': 696, 'username': None}
2024-06-10 00:04:52,294 - LoggingModule - INFO - {'name': 'svchost.exe', 'pid': 736, 'username': None}
2024-06-10 00:04:52,295 - LoggingModule - INFO - {'name': 'msedge.exe', 'pid': 780, 'username': 'LAPTOP\\NAVNATH'}
2024-06-10 00:04:52,296 - LoggingModule - INFO - {'name': 'wininit.exe', 'pid': 1124, 'username': None}
2024-06-10 00:04:52,299 - LoggingModule - INFO - {'name': 'services.exe', 'pid': 1268, 'username': None}
2024-06-10 00:04:52,301 - LoggingModule - INFO - {'name': 'LsaIso.exe', 'pid': 1276, 'username': None}
2024-06-10 00:04:52,302 - LoggingModule - INFO - {'name': 'lsass.exe', 'pid': 1300, 'username': None}
2024-06-10 00:04:52,305 - LoggingModule - INFO - {'name': 'svchost.exe', 'pid': 1428, 'username': None}
2024-06-10 00:04:52,307 - LoggingModule - INFO - {'name': 'fontdrvhost.exe', 'pid': 1460, 'username': None}
2024-06-10 00:04:52,308 - LoggingModule - INFO - {'name': 'svchost.exe', 'pid': 1524, 'username': 'LAPTOP\\NAVNATH'}
2024-06-10 00:04:52,308 - LoggingModule - INFO - {'name': 'Code.exe', 'pid': 1536, 'username': 'LAPTOP\\NAVNATH'}
2024-06-10 00:04:52,309 - LoggingModule - INFO - {'name': 'svchost.exe', 'pid': 1568, 'username': None}
2024-06-10 00:04:52,312 - LoggingModule - INFO - {'name': 'svchost.exe', 'pid': 1612, 'username': None}
2024-06-10 00:04:52,314 - LoggingModule - INFO - {'name': 'svchost.exe', 'pid': 1784, 'username': None}
2024-06-10 00:04:52,319 - LoggingModule - INFO - {'name': 'svchost.exe', 'pid': 1864, 'username': None}
2024-06-10 00:04:52,321 - LoggingModule - INFO - {'name': 'svchost.exe', 'pid': 1872, 'username': None}
2024-06-10 00:04:52,324 - LoggingModule - INFO - {'name': 'svchost.exe', 'pid': 1884, 'username': None}
2024-06-10 00:04:52,324 - LoggingModule - INFO - {'name': 'AdobeIPCBroker.exe', 'pid': 1928, 'username': 'LAPTOP\\NAVNATH'}
2024-06-10 00:04:52,324 - LoggingModule - INFO - {'name': 'msedge.exe', 'pid': 1948, 'username': 'LAPTOP\\NAVNATH'}
2024-06-10 00:04:52,324 - LoggingModule - INFO - {'name': 'explorer.exe', 'pid': 2016, 'username': 'LAPTOP\\NAVNATH'}
2024-06-10 00:04:52,327 - LoggingModule - INFO - {'name': 'svchost.exe', 'pid': 2036, 'username': None}
2024-06-10 00:04:52,329 - LoggingModule - INFO - {'name': 'svchost.exe', 'pid': 2068, 'username': None}
2024-06-10 00:04:52,331 - LoggingModule - INFO - {'name': 'svchost.exe', 'pid': 2080, 'username': None}
2024-06-10 00:04:52,334 - LoggingModule - INFO - {'name': 'svchost.exe', 'pid': 2120, 'username': None}
2024-06-10 00:04:52,336 - LoggingModule - INFO - {'name': 'svchost.exe', 'pid': 2132, 'username': None}
2024-06-10 00:04:52,337 - LoggingModule - INFO - {'name': 'brave.exe', 'pid': 2164, 'username': 'LAPTOP\\NAVNATH'}
2024-06-10 00:04:52,337 - LoggingModule - INFO - {'name': 'msedge.exe', 'pid': 2240, 'username': 'LAPTOP\\NAVNATH'}
2024-06-10 00:04:52,340 - LoggingModule - INFO - {'name': 'svchost.exe', 'pid': 2244, 'username': None}
2024-06-10 00:04:52,342 - LoggingModule - INFO - {'name': 'svchost.exe', 'pid': 2260, 'username': None}
2024-06-10 00:04:52,345 - LoggingModule - INFO - {'name': 'MoUsoCoreWorker.exe', 'pid': 2264, 'username': None}
2024-06-10 00:04:52,348 - LoggingModule - INFO - {'name': 'svchost.exe', 'pid': 2292, 'username': None}
2024-06-10 00:04:52,349 - LoggingModule - INFO - {'name': 'python.exe', 'pid': 2376, 'username': 'LAPTOP\\NAVNATH'}
2024-06-10 00:04:52,349 - LoggingModule - INFO - {'name': 'Code.exe', 'pid': 2448, 'username': 'LAPTOP\\NAVNATH'}
2024-06-10 00:04:52,351 - LoggingModule - INFO - {'name': 'svchost.exe', 'pid': 2488, 'username': None}
2024-06-10 00:04:52,352 - LoggingModule - INFO - {'name': 'svchost.exe', 'pid': 2500, 'username': None}
2024-06-10 00:04:52,353 - LoggingModule - INFO - {'name': 'python.exe', 'pid': 2688, 'username': 'LAPTOP\\NAVNATH'}
2024-06-10 00:04:52,353 - LoggingModule - INFO - {'name': 'brave.exe', 'pid': 2796, 'username': 'LAPTOP\\NAVNATH'}
2024-06-10 00:04:52,356 - LoggingModule - INFO - {'name': 'svchost.exe', 'pid': 2804, 'username': None}
2024-06-10 00:04:52,358 - LoggingModule - INFO - {'name': 'svchost.exe', 'pid': 2840, 'username': None}
2024-06-10 00:04:52,360 - LoggingModule - INFO - {'name': 'svchost.exe', 'pid': 2872, 'username': None}
2024-06-10 00:04:52,362 - LoggingModule - INFO - {'name': 'svchost.exe', 'pid': 2924, 'username': None}
2024-06-10 00:04:52,363 - LoggingModule - INFO - {'name': 'svchost.exe', 'pid': 2964, 'username': None}
2024-06-10 00:04:52,365 - LoggingModule - INFO - {'name': 'svchost.exe', 'pid': 2984, 'username': None}
2024-06-10 00:04:52,368 - LoggingModule - INFO - {'name': 'OmenCap.exe', 'pid': 3004, 'username': None}
2024-06-10 00:04:52,368 - LoggingModule - INFO - {'name': 'ApplicationFrameHost.exe', 'pid': 3012, 'username': 'LAPTOP\\NAVNATH'}
2024-06-10 00:04:52,369 - LoggingModule - INFO - {'name': 'svchost.exe', 'pid': 3088, 'username': None}
2024-06-10 00:04:52,371 - LoggingModule - INFO - {'name': 'NVDisplay.Container.exe', 'pid': 3096, 'username': None}
2024-06-10 00:04:52,373 - LoggingModule - INFO - {'name': 'svchost.exe', 'pid': 3204, 'username': None}
2024-06-10 00:04:52,373 - LoggingModule - INFO - {'name': 'Notepad.exe', 'pid': 3212, 'username': 'LAPTOP\\NAVNATH'}
2024-06-10 00:04:52,376 - LoggingModule - INFO - {'name': 'svchost.exe', 'pid': 3244, 'username': None}
2024-06-10 00:04:52,378 - LoggingModule - INFO - {'name': 'svchost.exe', 'pid': 3268, 'username': None}
2024-06-10 00:04:52,380 - LoggingModule - INFO - {'name': 'svchost.exe', 'pid': 3320, 'username': None}
2024-06-10 00:04:52,382 - LoggingModule - INFO - {'name': 'svchost.exe', 'pid': 3328, 'username': None}
2024-06-10 00:04:52,384 - LoggingModule - INFO - {'name': 'svchost.exe', 'pid': 3336, 'username': None}
2024-06-10 00:04:52,385 - LoggingModule - INFO - {'name': 'svchost.exe', 'pid': 3344, 'username': 'LAPTOP\\NAVNATH'}
2024-06-10 00:04:52,387 - LoggingModule - INFO - {'name': 'svchost.exe', 'pid': 3356, 'username': None}
2024-06-10 00:04:52,389 - LoggingModule - INFO - {'name': 'MemCompression', 'pid': 3436, 'username': None}
2024-06-10 00:04:52,391 - LoggingModule - INFO - {'name': 'svchost.exe', 'pid': 3472, 'username': None}
2024-06-10 00:04:52,392 - LoggingModule - INFO - {'name': 'svchost.exe', 'pid': 3500, 'username': None}
2024-06-10 00:04:52,394 - LoggingModule - INFO - {'name': 'svchost.exe', 'pid': 3572, 'username': None}
2024-06-10 00:04:52,396 - LoggingModule - INFO - {'name': 'svchost.exe', 'pid': 3588, 'username': None}
2024-06-10 00:04:52,398 - LoggingModule - INFO - {'name': 'SysInfoCap.exe', 'pid': 3596, 'username': None}
2024-06-10 00:04:52,399 - LoggingModule - INFO - {'name': 'DiagsCap.exe', 'pid': 3604, 'username': None}
2024-06-10 00:04:52,401 - LoggingModule - INFO - {'name': 'NetworkCap.exe', 'pid': 3612, 'username': None}
2024-06-10 00:04:52,404 - LoggingModule - INFO - {'name': 'AppHelperCap.exe', 'pid': 3620, 'username': None}
2024-06-10 00:04:52,405 - LoggingModule - INFO - {'name': 'TouchpointAnalyticsClientService.exe', 'pid': 3628, 'username': None}
2024-06-10 00:04:52,405 - LoggingModule - INFO - {'name': 'RuntimeBroker.exe', 'pid': 3720, 'username': 'LAPTOP\\NAVNATH'}
2024-06-10 00:04:52,406 - LoggingModule - INFO - {'name': 'SnippingTool.exe', 'pid': 3776, 'username': 'LAPTOP\\NAVNATH'}
2024-06-10 00:04:52,407 - LoggingModule - INFO - {'name': 'svchost.exe', 'pid': 3832, 'username': None}
2024-06-10 00:04:52,408 - LoggingModule - INFO - {'name': 'svchost.exe', 'pid': 3984, 'username': 'LAPTOP\\NAVNATH'}
2024-06-10 00:04:52,411 - LoggingModule - INFO - {'name': 'hp-one-agent-service.exe', 'pid': 4088, 'username': None}
2024-06-10 00:04:52,414 - LoggingModule - INFO - {'name': 'svchost.exe', 'pid': 4104, 'username': None}
2024-06-10 00:04:52,417 - LoggingModule - INFO - {'name': 'svchost.exe', 'pid': 4312, 'username': None}
2024-06-10 00:04:52,419 - LoggingModule - INFO - {'name': 'svchost.exe', 'pid': 4388, 'username': None}
2024-06-10 00:04:52,420 - LoggingModule - INFO - {'name': 'py.exe', 'pid': 4412, 'username': 'LAPTOP\\NAVNATH'}
2024-06-10 00:04:52,422 - LoggingModule - INFO - {'name': 'svchost.exe', 'pid': 4476, 'username': None}
2024-06-10 00:04:52,426 - LoggingModule - INFO - {'name': 'svchost.exe', 'pid': 4560, 'username': None}
2024-06-10 00:04:52,427 - LoggingModule - INFO - {'name': 'UserOOBEBroker.exe', 'pid': 4564, 'username': 'LAPTOP\\NAVNATH'}
2024-06-10 00:04:52,431 - LoggingModule - INFO - {'name': 'svchost.exe', 'pid': 4664, 'username': None}
2024-06-10 00:04:52,433 - LoggingModule - INFO - {'name': 'svchost.exe', 'pid': 4672, 'username': None}
2024-06-10 00:04:52,435 - LoggingModule - INFO - {'name': 'svchost.exe', 'pid': 4716, 'username': None}
2024-06-10 00:04:52,437 - LoggingModule - INFO - {'name': 'svchost.exe', 'pid': 4864, 'username': None}
2024-06-10 00:04:52,439 - LoggingModule - INFO - {'name': 'svchost.exe', 'pid': 4868, 'username': None}
2024-06-10 00:04:52,443 - LoggingModule - INFO - {'name': 'svchost.exe', 'pid': 4948, 'username': None}
2024-06-10 00:04:52,446 - LoggingModule - INFO - {'name': 'svchost.exe', 'pid': 4984, 'username': None}
2024-06-10 00:04:52,449 - LoggingModule - INFO - {'name': 'spoolsv.exe', 'pid': 5012, 'username': None}
2024-06-10 00:04:52,450 - LoggingModule - INFO - {'name': 'svchost.exe', 'pid': 5040, 'username': 'LAPTOP\\NAVNATH'}
2024-06-10 00:04:52,455 - LoggingModule - INFO - {'name': 'svchost.exe', 'pid': 5048, 'username': None}
2024-06-10 00:04:52,459 - LoggingModule - INFO - {'name': 'svchost.exe', 'pid': 5152, 'username': None}
2024-06-10 00:04:52,462 - LoggingModule - INFO - {'name': 'svchost.exe', 'pid': 5288, 'username': None}
2024-06-10 00:04:52,462 - LoggingModule - INFO - {'name': 'conhost.exe', 'pid': 5320, 'username': 'LAPTOP\\NAVNATH'}
2024-06-10 00:04:52,465 - LoggingModule - INFO - {'name': 'svchost.exe', 'pid': 5388, 'username': None}
2024-06-10 00:04:52,469 - LoggingModule - INFO - {'name': 'svchost.exe', 'pid': 5456, 'username': None}
2024-06-10 00:04:52,472 - LoggingModule - INFO - {'name': 'SECOMN64.exe', 'pid': 5464, 'username': None}
2024-06-10 00:04:52,475 - LoggingModule - INFO - {'name': 'svchost.exe', 'pid': 5472, 'username': None}
2024-06-10 00:04:52,479 - LoggingModule - INFO - {'name': 'svchost.exe', 'pid': 5484, 'username': None}
2024-06-10 00:04:52,482 - LoggingModule - INFO - {'name': 'svchost.exe', 'pid': 5492, 'username': None}
2024-06-10 00:04:52,490 - LoggingModule - INFO - {'name': 'svchost.exe', 'pid': 5508, 'username': None}
2024-06-10 00:04:52,495 - LoggingModule - INFO - {'name': 'MsMpEng.exe', 'pid': 5528, 'username': None}
2024-06-10 00:04:52,498 - LoggingModule - INFO - {'name': 'mongod.exe', 'pid': 5540, 'username': None}
2024-06-10 00:04:52,504 - LoggingModule - INFO - {'name': 'OfficeClickToRun.exe', 'pid': 5548, 'username': None}
2024-06-10 00:04:52,508 - LoggingModule - INFO - {'name': 'MpDefenderCoreService.exe', 'pid': 5564, 'username': None}
2024-06-10 00:04:52,512 - LoggingModule - INFO - {'name': 'svchost.exe', 'pid': 5580, 'username': None}
2024-06-10 00:04:52,516 - LoggingModule - INFO - {'name': 'svchost.exe', 'pid': 5604, 'username': None}
2024-06-10 00:04:52,520 - LoggingModule - INFO - {'name': 'svchost.exe', 'pid': 5636, 'username': None}
2024-06-10 00:04:52,520 - LoggingModule - INFO - {'name': 'msedge.exe', 'pid': 5716, 'username': 'LAPTOP\\NAVNATH'}
2024-06-10 00:04:52,520 - LoggingModule - INFO - {'name': 'python.exe', 'pid': 5736, 'username': 'LAPTOP\\NAVNATH'}
2024-06-10 00:04:52,521 - LoggingModule - INFO - {'name': 'dllhost.exe', 'pid': 5856, 'username': 'LAPTOP\\NAVNATH'}
2024-06-10 00:04:52,524 - LoggingModule - INFO - {'name': 'omtsreco.exe', 'pid': 5888, 'username': None}
2024-06-10 00:04:52,524 - LoggingModule - INFO - {'name': 'ShellExperienceHost.exe', 'pid': 5964, 'username': 'LAPTOP\\NAVNATH'}
2024-06-10 00:04:52,524 - LoggingModule - INFO - {'name': 'OpenConsole.exe', 'pid': 5976, 'username': 'LAPTOP\\NAVNATH'}
2024-06-10 00:04:52,524 - LoggingModule - INFO - {'name': 'msedge.exe', 'pid': 5992, 'username': 'LAPTOP\\NAVNATH'}
2024-06-10 00:04:52,528 - LoggingModule - INFO - {'name': 'svchost.exe', 'pid': 6016, 'username': None}
2024-06-10 00:04:52,531 - LoggingModule - INFO - {'name': 'oracle.exe', 'pid': 6024, 'username': None}
2024-06-10 00:04:52,532 - LoggingModule - INFO - {'name': 'Widgets.exe', 'pid': 6076, 'username': 'LAPTOP\\NAVNATH'}
2024-06-10 00:04:52,532 - LoggingModule - INFO - {'name': 'RuntimeBroker.exe', 'pid': 6120, 'username': 'LAPTOP\\NAVNATH'}
2024-06-10 00:04:52,537 - LoggingModule - INFO - {'name': 'svchost.exe', 'pid': 6172, 'username': None}
2024-06-10 00:04:52,537 - LoggingModule - INFO - {'name': 'HPQuickDrop.exe', 'pid': 6180, 'username': 'LAPTOP\\NAVNATH'}
2024-06-10 00:04:52,537 - LoggingModule - INFO - {'name': 'conhost.exe', 'pid': 6220, 'username': 'LAPTOP\\NAVNATH'}
2024-06-10 00:04:52,541 - LoggingModule - INFO - {'name': 'svchost.exe', 'pid': 6256, 'username': None}
2024-06-10 00:04:52,541 - LoggingModule - INFO - {'name': 'LockApp.exe', 'pid': 6428, 'username': 'LAPTOP\\NAVNATH'}
2024-06-10 00:04:52,546 - LoggingModule - INFO - {'name': 'svchost.exe', 'pid': 6516, 'username': None}
2024-06-10 00:04:52,551 - LoggingModule - INFO - {'name': 'svchost.exe', 'pid': 6572, 'username': None}
2024-06-10 00:04:52,551 - LoggingModule - INFO - {'name': 'OmenCommandCenterBackground.exe', 'pid': 6600, 'username': 'LAPTOP\\NAVNATH'}
2024-06-10 00:04:52,555 - LoggingModule - INFO - {'name': 'svchost.exe', 'pid': 6652, 'username': None}
2024-06-10 00:04:52,555 - LoggingModule - INFO - {'name': 'Code.exe', 'pid': 6664, 'username': 'LAPTOP\\NAVNATH'}
2024-06-10 00:04:52,558 - LoggingModule - INFO - {'name': 'svchost.exe', 'pid': 6828, 'username': None}
2024-06-10 00:04:52,561 - LoggingModule - INFO - {'name': 'WmiPrvSE.exe', 'pid': 6904, 'username': None}
2024-06-10 00:04:52,562 - LoggingModule - INFO - {'name': 'powershell.exe', 'pid': 6976, 'username': 'LAPTOP\\NAVNATH'}
2024-06-10 00:04:52,587 - LoggingModule - INFO - {'name': 'AggregatorHost.exe', 'pid': 7040, 'username': None}
2024-06-10 00:04:52,597 - LoggingModule - INFO - {'name': 'unsecapp.exe', 'pid': 7108, 'username': None}
2024-06-10 00:04:52,604 - LoggingModule - INFO - {'name': 'svchost.exe', 'pid': 7132, 'username': None}
2024-06-10 00:04:52,604 - LoggingModule - INFO - {'name': 'msedge.exe', 'pid': 7204, 'username': 'LAPTOP\\NAVNATH'}
2024-06-10 00:04:52,609 - LoggingModule - INFO - {'name': 'NisSrv.exe', 'pid': 7260, 'username': None}
2024-06-10 00:04:52,610 - LoggingModule - INFO - {'name': 'dllhost.exe', 'pid': 7288, 'username': 'LAPTOP\\NAVNATH'}
2024-06-10 00:04:52,618 - LoggingModule - INFO - {'name': 'NVDisplay.Container.exe', 'pid': 7380, 'username': None}
2024-06-10 00:04:52,619 - LoggingModule - INFO - {'name': 'Code.exe', 'pid': 7424, 'username': 'LAPTOP\\NAVNATH'}
2024-06-10 00:04:52,624 - LoggingModule - INFO - {'name': 'svchost.exe', 'pid': 7492, 'username': None}
2024-06-10 00:04:52,630 - LoggingModule - INFO - {'name': 'SearchIndexer.exe', 'pid': 7500, 'username': None}
2024-06-10 00:04:52,635 - LoggingModule - INFO - {'name': 'svchost.exe', 'pid': 7764, 'username': None}
2024-06-10 00:04:52,635 - LoggingModule - INFO - {'name': 'msedge.exe', 'pid': 7924, 'username': 'LAPTOP\\NAVNATH'}
2024-06-10 00:04:52,636 - LoggingModule - INFO - {'name': 'msedge.exe', 'pid': 8232, 'username': 'LAPTOP\\NAVNATH'}
2024-06-10 00:04:52,636 - LoggingModule - INFO - {'name': 'msedge.exe', 'pid': 8332, 'username': 'LAPTOP\\NAVNATH'}
2024-06-10 00:04:52,640 - LoggingModule - INFO - {'name': 'fontdrvhost.exe', 'pid': 8392, 'username': None}
2024-06-10 00:04:52,642 - LoggingModule - INFO - {'name': 'svchost.exe', 'pid': 8452, 'username': None}
2024-06-10 00:04:52,645 - LoggingModule - INFO - {'name': 'svchost.exe', 'pid': 8468, 'username': None}
2024-06-10 00:04:52,645 - LoggingModule - INFO - {'name': 'RuntimeBroker.exe', 'pid': 8500, 'username': 'LAPTOP\\NAVNATH'}
2024-06-10 00:04:52,645 - LoggingModule - INFO - {'name': 'svchost.exe', 'pid': 8792, 'username': 'LAPTOP\\NAVNATH'}
2024-06-10 00:04:52,646 - LoggingModule - INFO - {'name': 'powershell.exe', 'pid': 9024, 'username': 'LAPTOP\\NAVNATH'}
2024-06-10 00:04:52,648 - LoggingModule - INFO - {'name': 'svchost.exe', 'pid': 9064, 'username': None}
2024-06-10 00:04:52,648 - LoggingModule - INFO - {'name': 'SDXHelper.exe', 'pid': 9112, 'username': 'LAPTOP\\NAVNATH'}
2024-06-10 00:04:52,649 - LoggingModule - INFO - {'name': 'SystemSettings.exe', 'pid': 9184, 'username': 'LAPTOP\\NAVNATH'}
2024-06-10 00:04:52,649 - LoggingModule - INFO - {'name': 'HPSystemEventUtilityHost.exe', 'pid': 9228, 'username': 'LAPTOP\\NAVNATH'}
2024-06-10 00:04:52,649 - LoggingModule - INFO - {'name': 'RuntimeBroker.exe', 'pid': 9420, 'username': 'LAPTOP\\NAVNATH'}
2024-06-10 00:04:52,649 - LoggingModule - INFO - {'name': 'WidgetService.exe', 'pid': 9424, 'username': 'LAPTOP\\NAVNATH'}
2024-06-10 00:04:52,651 - LoggingModule - INFO - {'name': 'winlogon.exe', 'pid': 9904, 'username': None}
2024-06-10 00:04:52,652 - LoggingModule - INFO - {'name': 'conhost.exe', 'pid': 10368, 'username': 'LAPTOP\\NAVNATH'}
2024-06-10 00:04:52,654 - LoggingModule - INFO - {'name': 'svchost.exe', 'pid': 10504, 'username': None}
2024-06-10 00:04:52,654 - LoggingModule - INFO - {'name': 'node.exe', 'pid': 10648, 'username': 'LAPTOP\\NAVNATH'}
2024-06-10 00:04:52,656 - LoggingModule - INFO - {'name': 'svchost.exe', 'pid': 10788, 'username': None}
2024-06-10 00:04:52,656 - LoggingModule - INFO - {'name': 'StartMenuExperienceHost.exe', 'pid': 10792, 'username': 'LAPTOP\\NAVNATH'}
2024-06-10 00:04:52,657 - LoggingModule - INFO - {'name': 'msedge.exe', 'pid': 10808, 'username': 'LAPTOP\\NAVNATH'}
2024-06-10 00:04:52,659 - LoggingModule - INFO - {'name': 'svchost.exe', 'pid': 11140, 'username': None}
2024-06-10 00:04:52,661 - LoggingModule - INFO - {'name': 'SecurityHealthService.exe', 'pid': 11348, 'username': None}
2024-06-10 00:04:52,664 - LoggingModule - INFO - {'name': 'svchost.exe', 'pid': 11360, 'username': None}
2024-06-10 00:04:52,664 - LoggingModule - INFO - {'name': 'RuntimeBroker.exe', 'pid': 11408, 'username': 'LAPTOP\\NAVNATH'}
2024-06-10 00:04:52,664 - LoggingModule - INFO - {'name': 'brave.exe', 'pid': 11540, 'username': 'LAPTOP\\NAVNATH'}
2024-06-10 00:04:52,665 - LoggingModule - INFO - {'name': 'svchost.exe', 'pid': 11656, 'username': 'LAPTOP\\NAVNATH'}
2024-06-10 00:04:52,665 - LoggingModule - INFO - {'name': 'RuntimeBroker.exe', 'pid': 12144, 'username': 'LAPTOP\\NAVNATH'}
2024-06-10 00:04:52,665 - LoggingModule - INFO - {'name': 'msedge.exe', 'pid': 12212, 'username': 'LAPTOP\\NAVNATH'}
2024-06-10 00:04:52,668 - LoggingModule - INFO - {'name': 'WUDFHost.exe', 'pid': 12352, 'username': None}
2024-06-10 00:04:52,668 - LoggingModule - INFO - {'name': 'BridgeCommunication.exe', 'pid': 12748, 'username': 'LAPTOP\\NAVNATH'}
2024-06-10 00:04:52,668 - LoggingModule - INFO - {'name': 'dllhost.exe', 'pid': 12968, 'username': 'LAPTOP\\NAVNATH'}
2024-06-10 00:04:52,669 - LoggingModule - INFO - {'name': 'HPAudioSwitch.exe', 'pid': 13032, 'username': 'LAPTOP\\NAVNATH'}
2024-06-10 00:04:52,669 - LoggingModule - INFO - {'name': 'brave.exe', 'pid': 13060, 'username': 'LAPTOP\\NAVNATH'}
2024-06-10 00:04:52,669 - LoggingModule - INFO - {'name': 'Code.exe', 'pid': 13064, 'username': 'LAPTOP\\NAVNATH'}
2024-06-10 00:04:52,670 - LoggingModule - INFO - {'name': 'WmiPrvSE.exe', 'pid': 13168, 'username': None}
2024-06-10 00:04:52,671 - LoggingModule - INFO - {'name': 'OmenInstallMonitor.exe', 'pid': 13216, 'username': 'LAPTOP\\NAVNATH'}
2024-06-10 00:04:52,671 - LoggingModule - INFO - {'name': 'msedge.exe', 'pid': 13592, 'username': 'LAPTOP\\NAVNATH'}
2024-06-10 00:04:52,671 - LoggingModule - INFO - {'name': 'RuntimeBroker.exe', 'pid': 13764, 'username': 'LAPTOP\\NAVNATH'}
2024-06-10 00:04:52,671 - LoggingModule - INFO - {'name': 'svchost.exe', 'pid': 13784, 'username': 'LAPTOP\\NAVNATH'}
2024-06-10 00:04:52,671 - LoggingModule - INFO - {'name': 'RuntimeBroker.exe', 'pid': 14320, 'username': 'LAPTOP\\NAVNATH'}
2024-06-10 00:04:52,672 - LoggingModule - INFO - {'name': 'SearchHost.exe', 'pid': 14500, 'username': 'LAPTOP\\NAVNATH'}
2024-06-10 00:04:52,672 - LoggingModule - INFO - {'name': 'msedge.exe', 'pid': 14624, 'username': 'LAPTOP\\NAVNATH'}
2024-06-10 00:04:52,672 - LoggingModule - INFO - {'name': 'PAD.Console.Host.exe', 'pid': 14672, 'username': 'LAPTOP\\NAVNATH'}
2024-06-10 00:04:52,672 - LoggingModule - INFO - {'name': 'audiodg.exe', 'pid': 14696, 'username': None}
2024-06-10 00:04:52,673 - LoggingModule - INFO - {'name': 'conhost.exe', 'pid': 14880, 'username': 'LAPTOP\\NAVNATH'}
2024-06-10 00:04:52,673 - LoggingModule - INFO - {'name': 'brave.exe', 'pid': 15052, 'username': 'LAPTOP\\NAVNATH'}
2024-06-10 00:04:52,674 - LoggingModule - INFO - {'name': 'Video.UI.exe', 'pid': 15140, 'username': 'LAPTOP\\NAVNATH'}
2024-06-10 00:04:52,674 - LoggingModule - INFO - {'name': 'brave.exe', 'pid': 15252, 'username': 'LAPTOP\\NAVNATH'}
2024-06-10 00:04:52,676 - LoggingModule - INFO - {'name': 'svchost.exe', 'pid': 15352, 'username': None}
2024-06-10 00:04:52,677 - LoggingModule - INFO - {'name': 'brave.exe', 'pid': 15444, 'username': 'LAPTOP\\NAVNATH'}
2024-06-10 00:04:52,677 - LoggingModule - INFO - {'name': 'SnippingTool.exe', 'pid': 15680, 'username': 'LAPTOP\\NAVNATH'}
2024-06-10 00:04:52,677 - LoggingModule - INFO - {'name': 'svchost.exe', 'pid': 15692, 'username': 'LAPTOP\\NAVNATH'}
2024-06-10 00:04:52,677 - LoggingModule - INFO - {'name': 'brave.exe', 'pid': 15912, 'username': 'LAPTOP\\NAVNATH'}
2024-06-10 00:04:52,679 - LoggingModule - INFO - {'name': 'svchost.exe', 'pid': 15948, 'username': None}
2024-06-10 00:04:52,680 - LoggingModule - INFO - {'name': 'brave.exe', 'pid': 15972, 'username': 'LAPTOP\\NAVNATH'}
2024-06-10 00:04:52,680 - LoggingModule - INFO - {'name': 'sihost.exe', 'pid': 16052, 'username': 'LAPTOP\\NAVNATH'}
2024-06-10 00:04:52,680 - LoggingModule - INFO - {'name': 'msedge.exe', 'pid': 16212, 'username': 'LAPTOP\\NAVNATH'}
2024-06-10 00:04:52,682 - LoggingModule - INFO - {'name': 'csrss.exe', 'pid': 16264, 'username': None}
2024-06-10 00:04:52,683 - LoggingModule - INFO - {'name': 'powershell.exe', 'pid': 16272, 'username': 'LAPTOP\\NAVNATH'}
2024-06-10 00:04:52,683 - LoggingModule - INFO - {'name': 'dllhost.exe', 'pid': 16304, 'username': 'LAPTOP\\NAVNATH'}
2024-06-10 00:04:52,683 - LoggingModule - INFO - {'name': 'RuntimeBroker.exe', 'pid': 16680, 'username': 'LAPTOP\\NAVNATH'}
2024-06-10 00:04:52,683 - LoggingModule - INFO - {'name': 'msedge.exe', 'pid': 17052, 'username': 'LAPTOP\\NAVNATH'}
2024-06-10 00:04:52,684 - LoggingModule - INFO - {'name': 'msedge.exe', 'pid': 17152, 'username': 'LAPTOP\\NAVNATH'}
2024-06-10 00:04:52,685 - LoggingModule - INFO - {'name': 'SystemSettingsBroker.exe', 'pid': 17300, 'username': 'LAPTOP\\NAVNATH'}
2024-06-10 00:04:52,685 - LoggingModule - INFO - {'name': 'Code.exe', 'pid': 17316, 'username': 'LAPTOP\\NAVNATH'}
2024-06-10 00:04:52,685 - LoggingModule - INFO - {'name': 'Code.exe', 'pid': 17532, 'username': 'LAPTOP\\NAVNATH'}
2024-06-10 00:04:52,688 - LoggingModule - INFO - {'name': 'dwm.exe', 'pid': 17728, 'username': None}
2024-06-10 00:04:52,688 - LoggingModule - INFO - {'name': 'conhost.exe', 'pid': 17744, 'username': 'LAPTOP\\NAVNATH'}
2024-06-10 00:04:52,688 - LoggingModule - INFO - {'name': 'Code.exe', 'pid': 17940, 'username': 'LAPTOP\\NAVNATH'}
2024-06-10 00:04:52,688 - LoggingModule - INFO - {'name': 'svchost.exe', 'pid': 18028, 'username': 'LAPTOP\\NAVNATH'}
2024-06-10 00:04:52,689 - LoggingModule - INFO - {'name': 'msedge.exe', 'pid': 18364, 'username': 'LAPTOP\\NAVNATH'}
2024-06-10 00:04:52,689 - LoggingModule - INFO - {'name': 'conhost.exe', 'pid': 18588, 'username': 'LAPTOP\\NAVNATH'}
2024-06-10 00:04:52,689 - LoggingModule - INFO - {'name': 'SECOCL64.exe', 'pid': 18924, 'username': 'LAPTOP\\NAVNATH'}
2024-06-10 00:04:52,689 - LoggingModule - INFO - {'name': 'HPSystemEventUtilityBackground.exe', 'pid': 19096, 'username': 'LAPTOP\\NAVNATH'}
2024-06-10 00:04:52,689 - LoggingModule - INFO - {'name': 'taskhostw.exe', 'pid': 19196, 'username': 'LAPTOP\\NAVNATH'}
2024-06-10 00:04:52,690 - LoggingModule - INFO - {'name': 'OverlayHelper.exe', 'pid': 19220, 'username': 'LAPTOP\\NAVNATH'}
2024-06-10 00:04:52,692 - LoggingModule - INFO - {'name': 'svchost.exe', 'pid': 19228, 'username': None}
2024-06-10 00:04:52,692 - LoggingModule - INFO - {'name': 'SystemOptimizer.exe', 'pid': 19520, 'username': 'LAPTOP\\NAVNATH'}
2024-06-10 00:04:52,692 - LoggingModule - INFO - {'name': 'msedge.exe', 'pid': 19528, 'username': 'LAPTOP\\NAVNATH'}
2024-06-10 00:04:52,692 - LoggingModule - INFO - {'name': 'CCXProcess.exe', 'pid': 19852, 'username': 'LAPTOP\\NAVNATH'}
2024-06-10 00:04:52,693 - LoggingModule - INFO - {'name': 'Code.exe', 'pid': 20244, 'username': 'LAPTOP\\NAVNATH'}
2024-06-10 00:04:52,693 - LoggingModule - INFO - {'name': 'WindowsTerminal.exe', 'pid': 20320, 'username': 'LAPTOP\\NAVNATH'}
2024-06-10 00:04:52,694 - LoggingModule - INFO - {'name': 'conhost.exe', 'pid': 20348, 'username': 'LAPTOP\\NAVNATH'}
2024-06-10 00:04:52,694 - LoggingModule - INFO - {'name': 'conhost.exe', 'pid': 20552, 'username': 'LAPTOP\\NAVNATH'}
2024-06-10 00:04:52,694 - LoggingModule - INFO - {'name': 'unsecapp.exe', 'pid': 20896, 'username': 'LAPTOP\\NAVNATH'}
2024-06-10 00:04:52,694 - LoggingModule - INFO - {'name': 'cmd.exe', 'pid': 20988, 'username': 'LAPTOP\\NAVNATH'}
2024-06-10 00:04:52,694 - LoggingModule - INFO - {'name': 'ctfmon.exe', 'pid': 21164, 'username': 'LAPTOP\\NAVNATH'}
2024-06-10 00:04:52,694 - LoggingModule - INFO - {'name': 'TextInputHost.exe', 'pid': 21404, 'username': 'LAPTOP\\NAVNATH'}
2024-06-10 00:04:52,695 - LoggingModule - INFO - {'name': 'msedge.exe', 'pid': 21476, 'username': 'LAPTOP\\NAVNATH'}
