--------------------------------------------------------------------------------
Process info Logger: Mon Jun 10 00:11:47 2024
--------------------------------------------------------------------------------
create logs..{'pid': 0, 'username': 'NT AUTHORITY\\SYSTEM', 'name': 'System Idle Process'}
{'pid': 4, 'username': 'NT AUTHORITY\\SYSTEM', 'name': 'System'}
{'pid': 140, 'username': None, 'name': ''}
{'pid': 180, 'username': None, 'name': 'Registry'}
{'pid': 660, 'username': None, 'name': 'smss.exe'}
{'pid': 696, 'username': None, 'name': 'csrss.exe'}
{'pid': 736, 'username': None, 'name': 'svchost.exe'}
{'pid': 780, 'username': 'LAPTOP\\NAVNATH', 'name': 'msedge.exe'}
{'pid': 1124, 'username': None, 'name': 'wininit.exe'}
{'pid': 1268, 'username': None, 'name': 'services.exe'}
{'pid': 1276, 'username': None, 'name': 'LsaIso.exe'}
{'pid': 1300, 'username': None, 'name': 'lsass.exe'}
{'pid': 1428, 'username': None, 'name': 'svchost.exe'}
{'pid': 1460, 'username': None, 'name': 'fontdrvhost.exe'}
{'pid': 1524, 'username': 'LAPTOP\\NAVNATH', 'name': 'svchost.exe'}
{'pid': 1536, 'username': 'LAPTOP\\NAVNATH', 'name': 'Code.exe'}
{'pid': 1568, 'username': None, 'name': 'svchost.exe'}
{'pid': 1612, 'username': None, 'name': 'svchost.exe'}
{'pid': 1784, 'username': None, 'name': 'svchost.exe'}
{'pid': 1864, 'username': None, 'name': 'svchost.exe'}
{'pid': 1872, 'username': None, 'name': 'svchost.exe'}
{'pid': 1884, 'username': None, 'name': 'svchost.exe'}
{'pid': 1928, 'username': 'LAPTOP\\NAVNATH', 'name': 'AdobeIPCBroker.exe'}
{'pid': 1948, 'username': 'LAPTOP\\NAVNATH', 'name': 'msedge.exe'}
{'pid': 2016, 'username': 'LAPTOP\\NAVNATH', 'name': 'explorer.exe'}
{'pid': 2036, 'username': None, 'name': 'svchost.exe'}
{'pid': 2068, 'username': None, 'name': 'svchost.exe'}
{'pid': 2080, 'username': None, 'name': 'svchost.exe'}
{'pid': 2120, 'username': None, 'name': 'svchost.exe'}
{'pid': 2132, 'username': None, 'name': 'svchost.exe'}
{'pid': 2164, 'username': 'LAPTOP\\NAVNATH', 'name': 'brave.exe'}
{'pid': 2240, 'username': 'LAPTOP\\NAVNATH', 'name': 'msedge.exe'}
{'pid': 2244, 'username': None, 'name': 'svchost.exe'}
{'pid': 2260, 'username': None, 'name': 'svchost.exe'}
{'pid': 2264, 'username': None, 'name': 'MoUsoCoreWorker.exe'}
{'pid': 2292, 'username': None, 'name': 'svchost.exe'}
{'pid': 2448, 'username': 'LAPTOP\\NAVNATH', 'name': 'Code.exe'}
{'pid': 2488, 'username': None, 'name': 'svchost.exe'}
{'pid': 2500, 'username': None, 'name': 'svchost.exe'}
{'pid': 2688, 'username': 'LAPTOP\\NAVNATH', 'name': 'python.exe'}
{'pid': 2796, 'username': 'LAPTOP\\NAVNATH', 'name': 'brave.exe'}
{'pid': 2804, 'username': None, 'name': 'svchost.exe'}
{'pid': 2840, 'username': None, 'name': 'svchost.exe'}
{'pid': 2872, 'username': None, 'name': 'svchost.exe'}
{'pid': 2924, 'username': None, 'name': 'svchost.exe'}
{'pid': 2964, 'username': None, 'name': 'svchost.exe'}
{'pid': 2984, 'username': None, 'name': 'svchost.exe'}
{'pid': 3004, 'username': None, 'name': 'OmenCap.exe'}
{'pid': 3012, 'username': 'LAPTOP\\NAVNATH', 'name': 'ApplicationFrameHost.exe'}
{'pid': 3088, 'username': None, 'name': 'svchost.exe'}
{'pid': 3096, 'username': None, 'name': 'NVDisplay.Container.exe'}
{'pid': 3204, 'username': None, 'name': 'svchost.exe'}
{'pid': 3212, 'username': 'LAPTOP\\NAVNATH', 'name': 'Notepad.exe'}
{'pid': 3244, 'username': None, 'name': 'svchost.exe'}
{'pid': 3268, 'username': None, 'name': 'svchost.exe'}
{'pid': 3320, 'username': None, 'name': 'svchost.exe'}
{'pid': 3328, 'username': None, 'name': 'svchost.exe'}
{'pid': 3336, 'username': None, 'name': 'svchost.exe'}
{'pid': 3344, 'username': 'LAPTOP\\NAVNATH', 'name': 'svchost.exe'}
{'pid': 3356, 'username': None, 'name': 'svchost.exe'}
{'pid': 3436, 'username': None, 'name': 'MemCompression'}
{'pid': 3472, 'username': None, 'name': 'svchost.exe'}
{'pid': 3500, 'username': None, 'name': 'svchost.exe'}
{'pid': 3572, 'username': None, 'name': 'svchost.exe'}
{'pid': 3588, 'username': None, 'name': 'svchost.exe'}
{'pid': 3596, 'username': None, 'name': 'SysInfoCap.exe'}
{'pid': 3604, 'username': None, 'name': 'DiagsCap.exe'}
{'pid': 3612, 'username': None, 'name': 'NetworkCap.exe'}
{'pid': 3620, 'username': None, 'name': 'AppHelperCap.exe'}
{'pid': 3628, 'username': None, 'name': 'TouchpointAnalyticsClientService.exe'}
{'pid': 3720, 'username': 'LAPTOP\\NAVNATH', 'name': 'RuntimeBroker.exe'}
{'pid': 3776, 'username': 'LAPTOP\\NAVNATH', 'name': 'SnippingTool.exe'}
{'pid': 3832, 'username': None, 'name': 'svchost.exe'}
{'pid': 3984, 'username': 'LAPTOP\\NAVNATH', 'name': 'svchost.exe'}
{'pid': 4088, 'username': None, 'name': 'hp-one-agent-service.exe'}
{'pid': 4104, 'username': None, 'name': 'svchost.exe'}
{'pid': 4312, 'username': None, 'name': 'svchost.exe'}
{'pid': 4388, 'username': None, 'name': 'svchost.exe'}
{'pid': 4476, 'username': None, 'name': 'svchost.exe'}
{'pid': 4560, 'username': None, 'name': 'svchost.exe'}
{'pid': 4564, 'username': 'LAPTOP\\NAVNATH', 'name': 'UserOOBEBroker.exe'}
{'pid': 4664, 'username': None, 'name': 'svchost.exe'}
{'pid': 4672, 'username': None, 'name': 'svchost.exe'}
{'pid': 4716, 'username': None, 'name': 'svchost.exe'}
{'pid': 4864, 'username': None, 'name': 'svchost.exe'}
{'pid': 4868, 'username': None, 'name': 'svchost.exe'}
{'pid': 4948, 'username': None, 'name': 'svchost.exe'}
{'pid': 4984, 'username': None, 'name': 'svchost.exe'}
{'pid': 5012, 'username': None, 'name': 'spoolsv.exe'}
{'pid': 5040, 'username': 'LAPTOP\\NAVNATH', 'name': 'svchost.exe'}
{'pid': 5048, 'username': None, 'name': 'svchost.exe'}
{'pid': 5152, 'username': None, 'name': 'svchost.exe'}
{'pid': 5288, 'username': None, 'name': 'svchost.exe'}
{'pid': 5320, 'username': 'LAPTOP\\NAVNATH', 'name': 'conhost.exe'}
{'pid': 5388, 'username': None, 'name': 'svchost.exe'}
{'pid': 5456, 'username': None, 'name': 'svchost.exe'}
{'pid': 5464, 'username': None, 'name': 'SECOMN64.exe'}
{'pid': 5472, 'username': None, 'name': 'svchost.exe'}
{'pid': 5484, 'username': None, 'name': 'svchost.exe'}
{'pid': 5492, 'username': None, 'name': 'svchost.exe'}
{'pid': 5508, 'username': None, 'name': 'svchost.exe'}
{'pid': 5528, 'username': None, 'name': 'MsMpEng.exe'}
{'pid': 5540, 'username': None, 'name': 'mongod.exe'}
{'pid': 5548, 'username': None, 'name': 'OfficeClickToRun.exe'}
{'pid': 5564, 'username': None, 'name': 'MpDefenderCoreService.exe'}
{'pid': 5580, 'username': None, 'name': 'svchost.exe'}
{'pid': 5604, 'username': None, 'name': 'svchost.exe'}
{'pid': 5636, 'username': None, 'name': 'svchost.exe'}
{'pid': 5716, 'username': 'LAPTOP\\NAVNATH', 'name': 'msedge.exe'}
{'pid': 5736, 'username': 'LAPTOP\\NAVNATH', 'name': 'python.exe'}
{'pid': 5856, 'username': 'LAPTOP\\NAVNATH', 'name': 'dllhost.exe'}
{'pid': 5888, 'username': None, 'name': 'omtsreco.exe'}
{'pid': 5964, 'username': 'LAPTOP\\NAVNATH', 'name': 'ShellExperienceHost.exe'}
{'pid': 5976, 'username': 'LAPTOP\\NAVNATH', 'name': 'OpenConsole.exe'}
{'pid': 5992, 'username': 'LAPTOP\\NAVNATH', 'name': 'msedge.exe'}
{'pid': 6016, 'username': None, 'name': 'svchost.exe'}
{'pid': 6024, 'username': None, 'name': 'oracle.exe'}
{'pid': 6076, 'username': 'LAPTOP\\NAVNATH', 'name': 'Widgets.exe'}
{'pid': 6120, 'username': 'LAPTOP\\NAVNATH', 'name': 'RuntimeBroker.exe'}
{'pid': 6172, 'username': None, 'name': 'svchost.exe'}
{'pid': 6180, 'username': 'LAPTOP\\NAVNATH', 'name': 'HPQuickDrop.exe'}
{'pid': 6220, 'username': 'LAPTOP\\NAVNATH', 'name': 'conhost.exe'}
{'pid': 6256, 'username': None, 'name': 'svchost.exe'}
{'pid': 6428, 'username': 'LAPTOP\\NAVNATH', 'name': 'LockApp.exe'}
{'pid': 6516, 'username': None, 'name': 'svchost.exe'}
{'pid': 6572, 'username': None, 'name': 'svchost.exe'}
{'pid': 6600, 'username': 'LAPTOP\\NAVNATH', 'name': 'OmenCommandCenterBackground.exe'}
{'pid': 6652, 'username': None, 'name': 'svchost.exe'}
{'pid': 6664, 'username': 'LAPTOP\\NAVNATH', 'name': 'Code.exe'}
{'pid': 6828, 'username': None, 'name': 'svchost.exe'}
{'pid': 6904, 'username': None, 'name': 'WmiPrvSE.exe'}
{'pid': 6976, 'username': 'LAPTOP\\NAVNATH', 'name': 'powershell.exe'}
{'pid': 7040, 'username': None, 'name': 'AggregatorHost.exe'}
{'pid': 7108, 'username': None, 'name': 'unsecapp.exe'}
{'pid': 7132, 'username': None, 'name': 'svchost.exe'}
{'pid': 7204, 'username': 'LAPTOP\\NAVNATH', 'name': 'msedge.exe'}
{'pid': 7260, 'username': None, 'name': 'NisSrv.exe'}
{'pid': 7288, 'username': 'LAPTOP\\NAVNATH', 'name': 'dllhost.exe'}
{'pid': 7380, 'username': None, 'name': 'NVDisplay.Container.exe'}
{'pid': 7424, 'username': 'LAPTOP\\NAVNATH', 'name': 'Code.exe'}
{'pid': 7492, 'username': None, 'name': 'svchost.exe'}
{'pid': 7500, 'username': None, 'name': 'SearchIndexer.exe'}
{'pid': 7764, 'username': None, 'name': 'svchost.exe'}
{'pid': 7924, 'username': 'LAPTOP\\NAVNATH', 'name': 'msedge.exe'}
{'pid': 8232, 'username': 'LAPTOP\\NAVNATH', 'name': 'msedge.exe'}
{'pid': 8332, 'username': 'LAPTOP\\NAVNATH', 'name': 'msedge.exe'}
{'pid': 8392, 'username': None, 'name': 'fontdrvhost.exe'}
{'pid': 8452, 'username': None, 'name': 'svchost.exe'}
{'pid': 8468, 'username': None, 'name': 'svchost.exe'}
{'pid': 8500, 'username': 'LAPTOP\\NAVNATH', 'name': 'RuntimeBroker.exe'}
{'pid': 8792, 'username': 'LAPTOP\\NAVNATH', 'name': 'svchost.exe'}
{'pid': 9024, 'username': 'LAPTOP\\NAVNATH', 'name': 'powershell.exe'}
{'pid': 9064, 'username': None, 'name': 'svchost.exe'}
{'pid': 9112, 'username': 'LAPTOP\\NAVNATH', 'name': 'SDXHelper.exe'}
{'pid': 9184, 'username': 'LAPTOP\\NAVNATH', 'name': 'SystemSettings.exe'}
{'pid': 9228, 'username': 'LAPTOP\\NAVNATH', 'name': 'HPSystemEventUtilityHost.exe'}
{'pid': 9420, 'username': 'LAPTOP\\NAVNATH', 'name': 'RuntimeBroker.exe'}
{'pid': 9424, 'username': 'LAPTOP\\NAVNATH', 'name': 'WidgetService.exe'}
{'pid': 9904, 'username': None, 'name': 'winlogon.exe'}
{'pid': 10368, 'username': 'LAPTOP\\NAVNATH', 'name': 'conhost.exe'}
{'pid': 10504, 'username': None, 'name': 'svchost.exe'}
{'pid': 10648, 'username': 'LAPTOP\\NAVNATH', 'name': 'node.exe'}
{'pid': 10788, 'username': None, 'name': 'svchost.exe'}
{'pid': 10792, 'username': 'LAPTOP\\NAVNATH', 'name': 'StartMenuExperienceHost.exe'}
{'pid': 10808, 'username': 'LAPTOP\\NAVNATH', 'name': 'msedge.exe'}
{'pid': 11140, 'username': None, 'name': 'svchost.exe'}
{'pid': 11348, 'username': None, 'name': 'SecurityHealthService.exe'}
{'pid': 11360, 'username': None, 'name': 'svchost.exe'}
{'pid': 11408, 'username': 'LAPTOP\\NAVNATH', 'name': 'RuntimeBroker.exe'}
{'pid': 11540, 'username': 'LAPTOP\\NAVNATH', 'name': 'brave.exe'}
{'pid': 11656, 'username': 'LAPTOP\\NAVNATH', 'name': 'svchost.exe'}
{'pid': 12048, 'username': 'LAPTOP\\NAVNATH', 'name': 'python.exe'}
{'pid': 12144, 'username': 'LAPTOP\\NAVNATH', 'name': 'RuntimeBroker.exe'}
{'pid': 12212, 'username': 'LAPTOP\\NAVNATH', 'name': 'msedge.exe'}
{'pid': 12352, 'username': None, 'name': 'WUDFHost.exe'}
{'pid': 12748, 'username': 'LAPTOP\\NAVNATH', 'name': 'BridgeCommunication.exe'}
{'pid': 12968, 'username': 'LAPTOP\\NAVNATH', 'name': 'dllhost.exe'}
{'pid': 13032, 'username': 'LAPTOP\\NAVNATH', 'name': 'HPAudioSwitch.exe'}
{'pid': 13060, 'username': 'LAPTOP\\NAVNATH', 'name': 'brave.exe'}
{'pid': 13064, 'username': 'LAPTOP\\NAVNATH', 'name': 'Code.exe'}
{'pid': 13168, 'username': None, 'name': 'WmiPrvSE.exe'}
{'pid': 13216, 'username': 'LAPTOP\\NAVNATH', 'name': 'OmenInstallMonitor.exe'}
{'pid': 13592, 'username': 'LAPTOP\\NAVNATH', 'name': 'msedge.exe'}
{'pid': 13764, 'username': 'LAPTOP\\NAVNATH', 'name': 'RuntimeBroker.exe'}
{'pid': 13784, 'username': 'LAPTOP\\NAVNATH', 'name': 'svchost.exe'}
{'pid': 14320, 'username': 'LAPTOP\\NAVNATH', 'name': 'RuntimeBroker.exe'}
{'pid': 14500, 'username': 'LAPTOP\\NAVNATH', 'name': 'SearchHost.exe'}
{'pid': 14624, 'username': 'LAPTOP\\NAVNATH', 'name': 'msedge.exe'}
{'pid': 14672, 'username': 'LAPTOP\\NAVNATH', 'name': 'PAD.Console.Host.exe'}
{'pid': 14696, 'username': None, 'name': 'audiodg.exe'}
{'pid': 14880, 'username': 'LAPTOP\\NAVNATH', 'name': 'conhost.exe'}
{'pid': 15052, 'username': 'LAPTOP\\NAVNATH', 'name': 'brave.exe'}
{'pid': 15140, 'username': 'LAPTOP\\NAVNATH', 'name': 'Video.UI.exe'}
{'pid': 15252, 'username': 'LAPTOP\\NAVNATH', 'name': 'brave.exe'}
{'pid': 15352, 'username': None, 'name': 'svchost.exe'}
{'pid': 15444, 'username': 'LAPTOP\\NAVNATH', 'name': 'brave.exe'}
{'pid': 15680, 'username': 'LAPTOP\\NAVNATH', 'name': 'SnippingTool.exe'}
{'pid': 15692, 'username': 'LAPTOP\\NAVNATH', 'name': 'svchost.exe'}
{'pid': 15912, 'username': 'LAPTOP\\NAVNATH', 'name': 'brave.exe'}
{'pid': 15948, 'username': None, 'name': 'svchost.exe'}
{'pid': 15972, 'username': 'LAPTOP\\NAVNATH', 'name': 'brave.exe'}
{'pid': 16052, 'username': 'LAPTOP\\NAVNATH', 'name': 'sihost.exe'}
{'pid': 16212, 'username': 'LAPTOP\\NAVNATH', 'name': 'msedge.exe'}
{'pid': 16264, 'username': None, 'name': 'csrss.exe'}
{'pid': 16272, 'username': 'LAPTOP\\NAVNATH', 'name': 'powershell.exe'}
{'pid': 16304, 'username': 'LAPTOP\\NAVNATH', 'name': 'dllhost.exe'}
{'pid': 16680, 'username': 'LAPTOP\\NAVNATH', 'name': 'RuntimeBroker.exe'}
{'pid': 17052, 'username': 'LAPTOP\\NAVNATH', 'name': 'msedge.exe'}
{'pid': 17152, 'username': 'LAPTOP\\NAVNATH', 'name': 'msedge.exe'}
{'pid': 17300, 'username': 'LAPTOP\\NAVNATH', 'name': 'SystemSettingsBroker.exe'}
{'pid': 17316, 'username': 'LAPTOP\\NAVNATH', 'name': 'Code.exe'}
{'pid': 17532, 'username': 'LAPTOP\\NAVNATH', 'name': 'Code.exe'}
{'pid': 17728, 'username': None, 'name': 'dwm.exe'}
{'pid': 17744, 'username': 'LAPTOP\\NAVNATH', 'name': 'conhost.exe'}
{'pid': 17940, 'username': 'LAPTOP\\NAVNATH', 'name': 'Code.exe'}
{'pid': 18028, 'username': 'LAPTOP\\NAVNATH', 'name': 'svchost.exe'}
{'pid': 18364, 'username': 'LAPTOP\\NAVNATH', 'name': 'msedge.exe'}
{'pid': 18588, 'username': 'LAPTOP\\NAVNATH', 'name': 'conhost.exe'}
{'pid': 18924, 'username': 'LAPTOP\\NAVNATH', 'name': 'SECOCL64.exe'}
{'pid': 19096, 'username': 'LAPTOP\\NAVNATH', 'name': 'HPSystemEventUtilityBackground.exe'}
{'pid': 19196, 'username': 'LAPTOP\\NAVNATH', 'name': 'taskhostw.exe'}
{'pid': 19220, 'username': 'LAPTOP\\NAVNATH', 'name': 'OverlayHelper.exe'}
{'pid': 19228, 'username': None, 'name': 'svchost.exe'}
{'pid': 19520, 'username': 'LAPTOP\\NAVNATH', 'name': 'SystemOptimizer.exe'}
{'pid': 19528, 'username': 'LAPTOP\\NAVNATH', 'name': 'msedge.exe'}
{'pid': 19852, 'username': 'LAPTOP\\NAVNATH', 'name': 'CCXProcess.exe'}
{'pid': 19952, 'username': 'LAPTOP\\NAVNATH', 'name': 'py.exe'}
{'pid': 20244, 'username': 'LAPTOP\\NAVNATH', 'name': 'Code.exe'}
{'pid': 20320, 'username': 'LAPTOP\\NAVNATH', 'name': 'WindowsTerminal.exe'}
{'pid': 20348, 'username': 'LAPTOP\\NAVNATH', 'name': 'conhost.exe'}
{'pid': 20552, 'username': 'LAPTOP\\NAVNATH', 'name': 'conhost.exe'}
{'pid': 20896, 'username': 'LAPTOP\\NAVNATH', 'name': 'unsecapp.exe'}
{'pid': 20988, 'username': 'LAPTOP\\NAVNATH', 'name': 'cmd.exe'}
{'pid': 21164, 'username': 'LAPTOP\\NAVNATH', 'name': 'ctfmon.exe'}
{'pid': 21404, 'username': 'LAPTOP\\NAVNATH', 'name': 'TextInputHost.exe'}
{'pid': 21476, 'username': 'LAPTOP\\NAVNATH', 'name': 'msedge.exe'}
