--------------------------------------------------------------------------------
Process info Logger: Mon Jun 10 14:30:13 2024
--------------------------------------------------------------------------------
Error: Exception occurred (schedulefun.<locals>.job_func() takes 0 positional arguments but 1 was given){'username': 'NT AUTHORITY\\SYSTEM', 'pid': 0, 'name': 'System Idle Process'}
{'username': 'NT AUTHORITY\\SYSTEM', 'pid': 4, 'name': 'System'}
{'username': None, 'pid': 140, 'name': ''}
{'username': None, 'pid': 180, 'name': 'Registry'}
{'username': None, 'pid': 660, 'name': 'smss.exe'}
{'username': None, 'pid': 676, 'name': 'fontdrvhost.exe'}
{'username': None, 'pid': 696, 'name': 'csrss.exe'}
{'username': None, 'pid': 736, 'name': 'svchost.exe'}
{'username': None, 'pid': 1124, 'name': 'wininit.exe'}
{'username': None, 'pid': 1268, 'name': 'services.exe'}
{'username': None, 'pid': 1276, 'name': 'LsaIso.exe'}
{'username': None, 'pid': 1300, 'name': 'lsass.exe'}
{'username': 'LAPTOP\\NAVNATH', 'pid': 1364, 'name': 'SECOCL64.exe'}
{'username': 'LAPTOP\\NAVNATH', 'pid': 1420, 'name': 'Code.exe'}
{'username': None, 'pid': 1428, 'name': 'svchost.exe'}
{'username': None, 'pid': 1460, 'name': 'fontdrvhost.exe'}
{'username': 'LAPTOP\\NAVNATH', 'pid': 1516, 'name': 'unsecapp.exe'}
{'username': 'LAPTOP\\NAVNATH', 'pid': 1544, 'name': 'Code.exe'}
{'username': None, 'pid': 1568, 'name': 'svchost.exe'}
{'username': None, 'pid': 1612, 'name': 'svchost.exe'}
{'username': None, 'pid': 1784, 'name': 'svchost.exe'}
{'username': None, 'pid': 1864, 'name': 'svchost.exe'}
{'username': None, 'pid': 1872, 'name': 'svchost.exe'}
{'username': None, 'pid': 1884, 'name': 'svchost.exe'}
{'username': 'LAPTOP\\NAVNATH', 'pid': 1972, 'name': 'HPSystemEventUtilityHost.exe'}
{'username': None, 'pid': 2036, 'name': 'svchost.exe'}
{'username': None, 'pid': 2068, 'name': 'svchost.exe'}
{'username': None, 'pid': 2080, 'name': 'svchost.exe'}
{'username': 'LAPTOP\\NAVNATH', 'pid': 2092, 'name': 'msedge.exe'}
{'username': None, 'pid': 2120, 'name': 'svchost.exe'}
{'username': None, 'pid': 2132, 'name': 'svchost.exe'}
{'username': 'LAPTOP\\NAVNATH', 'pid': 2160, 'name': 'svchost.exe'}
{'username': 'LAPTOP\\NAVNATH', 'pid': 2164, 'name': 'svchost.exe'}
{'username': None, 'pid': 2244, 'name': 'svchost.exe'}
{'username': None, 'pid': 2260, 'name': 'svchost.exe'}
{'username': None, 'pid': 2264, 'name': 'MoUsoCoreWorker.exe'}
{'username': None, 'pid': 2292, 'name': 'svchost.exe'}
{'username': None, 'pid': 2488, 'name': 'svchost.exe'}
{'username': 'LAPTOP\\NAVNATH', 'pid': 2492, 'name': 'brave.exe'}
{'username': None, 'pid': 2500, 'name': 'svchost.exe'}
{'username': 'LAPTOP\\NAVNATH', 'pid': 2540, 'name': 'RuntimeBroker.exe'}
{'username': 'LAPTOP\\NAVNATH', 'pid': 2552, 'name': 'ctfmon.exe'}
{'username': 'LAPTOP\\NAVNATH', 'pid': 2708, 'name': 'ApplicationFrameHost.exe'}
{'username': None, 'pid': 2804, 'name': 'svchost.exe'}
{'username': None, 'pid': 2840, 'name': 'svchost.exe'}
{'username': 'LAPTOP\\NAVNATH', 'pid': 2852, 'name': 'msedge.exe'}
{'username': None, 'pid': 2872, 'name': 'svchost.exe'}
{'username': None, 'pid': 2924, 'name': 'svchost.exe'}
{'username': None, 'pid': 2964, 'name': 'svchost.exe'}
{'username': None, 'pid': 2984, 'name': 'svchost.exe'}
{'username': None, 'pid': 3004, 'name': 'OmenCap.exe'}
{'username': None, 'pid': 3088, 'name': 'svchost.exe'}
{'username': None, 'pid': 3096, 'name': 'NVDisplay.Container.exe'}
{'username': None, 'pid': 3204, 'name': 'svchost.exe'}
{'username': None, 'pid': 3244, 'name': 'svchost.exe'}
{'username': None, 'pid': 3268, 'name': 'svchost.exe'}
{'username': None, 'pid': 3320, 'name': 'svchost.exe'}
{'username': None, 'pid': 3328, 'name': 'svchost.exe'}
{'username': None, 'pid': 3336, 'name': 'svchost.exe'}
{'username': None, 'pid': 3344, 'name': 'svchost.exe'}
{'username': None, 'pid': 3356, 'name': 'svchost.exe'}
{'username': None, 'pid': 3436, 'name': 'MemCompression'}
{'username': None, 'pid': 3472, 'name': 'svchost.exe'}
{'username': None, 'pid': 3500, 'name': 'svchost.exe'}
{'username': None, 'pid': 3572, 'name': 'svchost.exe'}
{'username': None, 'pid': 3588, 'name': 'svchost.exe'}
{'username': None, 'pid': 3596, 'name': 'SysInfoCap.exe'}
{'username': None, 'pid': 3604, 'name': 'DiagsCap.exe'}
{'username': None, 'pid': 3612, 'name': 'NetworkCap.exe'}
{'username': None, 'pid': 3620, 'name': 'AppHelperCap.exe'}
{'username': None, 'pid': 3628, 'name': 'TouchpointAnalyticsClientService.exe'}
{'username': None, 'pid': 3760, 'name': 'csrss.exe'}
{'username': None, 'pid': 3832, 'name': 'svchost.exe'}
{'username': None, 'pid': 4088, 'name': 'hp-one-agent-service.exe'}
{'username': None, 'pid': 4104, 'name': 'svchost.exe'}
{'username': 'LAPTOP\\NAVNATH', 'pid': 4128, 'name': 'OpenConsole.exe'}
{'username': None, 'pid': 4312, 'name': 'svchost.exe'}
{'username': 'LAPTOP\\NAVNATH', 'pid': 4372, 'name': 'ShellExperienceHost.exe'}
{'username': None, 'pid': 4388, 'name': 'svchost.exe'}
{'username': None, 'pid': 4476, 'name': 'svchost.exe'}
{'username': 'LAPTOP\\NAVNATH', 'pid': 4512, 'name': 'msedge.exe'}
{'username': None, 'pid': 4560, 'name': 'svchost.exe'}
{'username': None, 'pid': 4664, 'name': 'svchost.exe'}
{'username': None, 'pid': 4672, 'name': 'svchost.exe'}
{'username': None, 'pid': 4716, 'name': 'svchost.exe'}
{'username': 'LAPTOP\\NAVNATH', 'pid': 4768, 'name': 'conhost.exe'}
{'username': 'LAPTOP\\NAVNATH', 'pid': 4832, 'name': 'conhost.exe'}
{'username': None, 'pid': 4864, 'name': 'svchost.exe'}
{'username': None, 'pid': 4868, 'name': 'svchost.exe'}
{'username': None, 'pid': 4948, 'name': 'svchost.exe'}
{'username': None, 'pid': 4984, 'name': 'svchost.exe'}
{'username': 'LAPTOP\\NAVNATH', 'pid': 4992, 'name': 'conhost.exe'}
{'username': None, 'pid': 5012, 'name': 'spoolsv.exe'}
{'username': None, 'pid': 5048, 'name': 'svchost.exe'}
{'username': None, 'pid': 5152, 'name': 'svchost.exe'}
{'username': None, 'pid': 5288, 'name': 'svchost.exe'}
{'username': None, 'pid': 5388, 'name': 'svchost.exe'}
{'username': None, 'pid': 5456, 'name': 'svchost.exe'}
{'username': None, 'pid': 5464, 'name': 'SECOMN64.exe'}
{'username': None, 'pid': 5472, 'name': 'svchost.exe'}
{'username': None, 'pid': 5484, 'name': 'svchost.exe'}
{'username': None, 'pid': 5492, 'name': 'svchost.exe'}
{'username': None, 'pid': 5508, 'name': 'svchost.exe'}
{'username': None, 'pid': 5528, 'name': 'MsMpEng.exe'}
{'username': None, 'pid': 5540, 'name': 'mongod.exe'}
{'username': None, 'pid': 5548, 'name': 'OfficeClickToRun.exe'}
{'username': None, 'pid': 5564, 'name': 'MpDefenderCoreService.exe'}
{'username': None, 'pid': 5580, 'name': 'svchost.exe'}
{'username': None, 'pid': 5604, 'name': 'svchost.exe'}
{'username': None, 'pid': 5636, 'name': 'svchost.exe'}
{'username': 'LAPTOP\\NAVNATH', 'pid': 5700, 'name': 'SearchHost.exe'}
{'username': 'LAPTOP\\NAVNATH', 'pid': 5704, 'name': 'OverlayHelper.exe'}
{'username': 'LAPTOP\\NAVNATH', 'pid': 5720, 'name': 'msedge.exe'}
{'username': 'LAPTOP\\NAVNATH', 'pid': 5788, 'name': 'svchost.exe'}
{'username': None, 'pid': 5888, 'name': 'omtsreco.exe'}
{'username': None, 'pid': 6016, 'name': 'svchost.exe'}
{'username': None, 'pid': 6024, 'name': 'oracle.exe'}
{'username': 'LAPTOP\\NAVNATH', 'pid': 6136, 'name': 'msedge.exe'}
{'username': None, 'pid': 6172, 'name': 'svchost.exe'}
{'username': None, 'pid': 6256, 'name': 'svchost.exe'}
{'username': 'LAPTOP\\NAVNATH', 'pid': 6316, 'name': 'SystemSettings.exe'}
{'username': 'LAPTOP\\NAVNATH', 'pid': 6476, 'name': 'dllhost.exe'}
{'username': None, 'pid': 6516, 'name': 'svchost.exe'}
{'username': None, 'pid': 6572, 'name': 'svchost.exe'}
{'username': None, 'pid': 6652, 'name': 'svchost.exe'}
{'username': 'LAPTOP\\NAVNATH', 'pid': 6736, 'name': 'msedge.exe'}
{'username': None, 'pid': 6828, 'name': 'svchost.exe'}
{'username': None, 'pid': 6904, 'name': 'WmiPrvSE.exe'}
{'username': None, 'pid': 7040, 'name': 'AggregatorHost.exe'}
{'username': None, 'pid': 7108, 'name': 'unsecapp.exe'}
{'username': None, 'pid': 7132, 'name': 'svchost.exe'}
{'username': None, 'pid': 7260, 'name': 'NisSrv.exe'}
{'username': None, 'pid': 7492, 'name': 'svchost.exe'}
{'username': None, 'pid': 7500, 'name': 'SearchIndexer.exe'}
{'username': 'LAPTOP\\NAVNATH', 'pid': 7584, 'name': 'RuntimeBroker.exe'}
{'username': None, 'pid': 7764, 'name': 'svchost.exe'}
{'username': None, 'pid': 7836, 'name': 'dwm.exe'}
{'username': 'LAPTOP\\NAVNATH', 'pid': 7896, 'name': 'Code.exe'}
{'username': 'LAPTOP\\NAVNATH', 'pid': 7964, 'name': 'RuntimeBroker.exe'}
{'username': None, 'pid': 8200, 'name': 'winlogon.exe'}
{'username': 'LAPTOP\\NAVNATH', 'pid': 8444, 'name': 'svchost.exe'}
{'username': None, 'pid': 8468, 'name': 'svchost.exe'}
{'username': 'LAPTOP\\NAVNATH', 'pid': 8776, 'name': 'powershell.exe'}
{'username': 'LAPTOP\\NAVNATH', 'pid': 8796, 'name': 'HPAudioSwitch.exe'}
{'username': 'LAPTOP\\NAVNATH', 'pid': 8848, 'name': 'msedge.exe'}
{'username': 'LAPTOP\\NAVNATH', 'pid': 8924, 'name': 'WindowsTerminal.exe'}
{'username': 'LAPTOP\\NAVNATH', 'pid': 9164, 'name': 'msedge.exe'}
{'username': 'LAPTOP\\NAVNATH', 'pid': 9552, 'name': 'RuntimeBroker.exe'}
{'username': 'LAPTOP\\NAVNATH', 'pid': 9556, 'name': 'conhost.exe'}
{'username': 'LAPTOP\\NAVNATH', 'pid': 9596, 'name': 'OmenInstallMonitor.exe'}
{'username': 'LAPTOP\\NAVNATH', 'pid': 10272, 'name': 'msedge.exe'}
{'username': 'LAPTOP\\NAVNATH', 'pid': 10340, 'name': 'AdobeIPCBroker.exe'}
{'username': 'LAPTOP\\NAVNATH', 'pid': 10428, 'name': 'PAD.Console.Host.exe'}
{'username': None, 'pid': 10504, 'name': 'svchost.exe'}
{'username': 'LAPTOP\\NAVNATH', 'pid': 10564, 'name': 'msedge.exe'}
{'username': 'LAPTOP\\NAVNATH', 'pid': 10688, 'name': 'UserOOBEBroker.exe'}
{'username': None, 'pid': 10788, 'name': 'svchost.exe'}
{'username': 'LAPTOP\\NAVNATH', 'pid': 10900, 'name': 'svchost.exe'}
{'username': 'LAPTOP\\NAVNATH', 'pid': 11176, 'name': 'powershell.exe'}
{'username': 'LAPTOP\\NAVNATH', 'pid': 11188, 'name': 'Code.exe'}
{'username': 'LAPTOP\\NAVNATH', 'pid': 11212, 'name': 'CCXProcess.exe'}
{'username': None, 'pid': 11348, 'name': 'SecurityHealthService.exe'}
{'username': None, 'pid': 11360, 'name': 'svchost.exe'}
{'username': 'LAPTOP\\NAVNATH', 'pid': 12500, 'name': 'conhost.exe'}
{'username': 'LAPTOP\\NAVNATH', 'pid': 12528, 'name': 'msedge.exe'}
{'username': 'LAPTOP\\NAVNATH', 'pid': 12704, 'name': 'svchost.exe'}
{'username': 'LAPTOP\\NAVNATH', 'pid': 12724, 'name': 'RuntimeBroker.exe'}
{'username': 'LAPTOP\\NAVNATH', 'pid': 12984, 'name': 'SystemSettingsBroker.exe'}
{'username': 'LAPTOP\\NAVNATH', 'pid': 13120, 'name': 'brave.exe'}
{'username': 'LAPTOP\\NAVNATH', 'pid': 13228, 'name': 'WidgetService.exe'}
{'username': 'LAPTOP\\NAVNATH', 'pid': 13232, 'name': 'sihost.exe'}
{'username': 'LAPTOP\\NAVNATH', 'pid': 13588, 'name': 'OmenCommandCenterBackground.exe'}
{'username': 'LAPTOP\\NAVNATH', 'pid': 13592, 'name': 'conhost.exe'}
{'username': 'LAPTOP\\NAVNATH', 'pid': 14212, 'name': 'conhost.exe'}
{'username': 'LAPTOP\\NAVNATH', 'pid': 14256, 'name': 'Code.exe'}
{'username': 'LAPTOP\\NAVNATH', 'pid': 14592, 'name': 'brave.exe'}
{'username': 'LAPTOP\\NAVNATH', 'pid': 14600, 'name': 'node.exe'}
{'username': 'LAPTOP\\NAVNATH', 'pid': 14880, 'name': 'powershell.exe'}
{'username': 'LAPTOP\\NAVNATH', 'pid': 15204, 'name': 'msedge.exe'}
{'username': 'LAPTOP\\NAVNATH', 'pid': 15212, 'name': 'msedge.exe'}
{'username': 'LAPTOP\\NAVNATH', 'pid': 15292, 'name': 'BridgeCommunication.exe'}
{'username': None, 'pid': 15352, 'name': 'svchost.exe'}
{'username': 'LAPTOP\\NAVNATH', 'pid': 15364, 'name': 'Code.exe'}
{'username': 'LAPTOP\\NAVNATH', 'pid': 15532, 'name': 'RuntimeBroker.exe'}
{'username': None, 'pid': 15596, 'name': 'WmiPrvSE.exe'}
{'username': 'LAPTOP\\NAVNATH', 'pid': 15736, 'name': 'svchost.exe'}
{'username': 'LAPTOP\\NAVNATH', 'pid': 16092, 'name': 'msedge.exe'}
{'username': 'LAPTOP\\NAVNATH', 'pid': 16256, 'name': 'explorer.exe'}
{'username': None, 'pid': 16644, 'name': 'NVDisplay.Container.exe'}
{'username': 'LAPTOP\\NAVNATH', 'pid': 17132, 'name': 'msedge.exe'}
{'username': 'LAPTOP\\NAVNATH', 'pid': 17216, 'name': 'PhoneExperienceHost.exe'}
{'username': 'LAPTOP\\NAVNATH', 'pid': 17568, 'name': 'powershell.exe'}
{'username': 'LAPTOP\\NAVNATH', 'pid': 17592, 'name': 'svchost.exe'}
{'username': 'LAPTOP\\NAVNATH', 'pid': 17620, 'name': 'Code.exe'}
{'username': 'LAPTOP\\NAVNATH', 'pid': 17700, 'name': 'cmd.exe'}
{'username': 'LAPTOP\\NAVNATH', 'pid': 17808, 'name': 'RuntimeBroker.exe'}
{'username': 'LAPTOP\\NAVNATH', 'pid': 18020, 'name': 'brave.exe'}
{'username': 'LAPTOP\\NAVNATH', 'pid': 18084, 'name': 'dllhost.exe'}
{'username': 'LAPTOP\\NAVNATH', 'pid': 18252, 'name': 'brave.exe'}
{'username': 'LAPTOP\\NAVNATH', 'pid': 18304, 'name': 'brave.exe'}
{'username': 'LAPTOP\\NAVNATH', 'pid': 18408, 'name': 'SystemOptimizer.exe'}
{'username': 'LAPTOP\\NAVNATH', 'pid': 18480, 'name': 'msedge.exe'}
{'username': 'LAPTOP\\NAVNATH', 'pid': 18520, 'name': 'taskhostw.exe'}
{'username': 'LAPTOP\\NAVNATH', 'pid': 18680, 'name': 'Widgets.exe'}
{'username': 'LAPTOP\\NAVNATH', 'pid': 18780, 'name': 'svchost.exe'}
{'username': 'LAPTOP\\NAVNATH', 'pid': 18800, 'name': 'TextInputHost.exe'}
{'username': 'LAPTOP\\NAVNATH', 'pid': 18868, 'name': 'StartMenuExperienceHost.exe'}
{'username': 'LAPTOP\\NAVNATH', 'pid': 18992, 'name': 'BridgeCommunication.exe'}
{'username': 'LAPTOP\\NAVNATH', 'pid': 19028, 'name': 'python.exe'}
{'username': None, 'pid': 19228, 'name': 'svchost.exe'}
{'username': 'LAPTOP\\NAVNATH', 'pid': 19328, 'name': 'py.exe'}
{'username': 'LAPTOP\\NAVNATH', 'pid': 19380, 'name': 'python.exe'}
{'username': 'LAPTOP\\NAVNATH', 'pid': 19448, 'name': 'conhost.exe'}
{'username': 'LAPTOP\\NAVNATH', 'pid': 19528, 'name': 'brave.exe'}
{'username': 'LAPTOP\\NAVNATH', 'pid': 19532, 'name': 'msedge.exe'}
{'username': 'LAPTOP\\NAVNATH', 'pid': 19620, 'name': 'python.exe'}
{'username': 'LAPTOP\\NAVNATH', 'pid': 19684, 'name': 'msedge.exe'}
{'username': 'LAPTOP\\NAVNATH', 'pid': 19804, 'name': 'HPSystemEventUtilityBackground.exe'}
{'username': 'LAPTOP\\NAVNATH', 'pid': 19876, 'name': 'brave.exe'}
{'username': 'LAPTOP\\NAVNATH', 'pid': 20120, 'name': 'Code.exe'}
{'username': 'LAPTOP\\NAVNATH', 'pid': 20144, 'name': 'Code.exe'}
{'username': 'LAPTOP\\NAVNATH', 'pid': 20444, 'name': 'HPQuickDrop.exe'}
{'username': 'LAPTOP\\NAVNATH', 'pid': 20648, 'name': 'brave.exe'}
{'username': 'LAPTOP\\NAVNATH', 'pid': 20852, 'name': 'conhost.exe'}
{'username': 'LAPTOP\\NAVNATH', 'pid': 21200, 'name': 'msedge.exe'}
{'username': 'LAPTOP\\NAVNATH', 'pid': 21416, 'name': 'RuntimeBroker.exe'}
