--------------------------------------------------------------------------------
Logger: Mon Jun 10 23:10:32 2024
--------------------------------------------------------------------------------
Duplicate files: ['D:\\tekup\\Instagram\\IMG_20231015_005904_668.jpg', 'D:\\tekup\\Instagram\\IMG_20231015_005905_362.jpg'] : Mon Jun 10 23:10:32 2024
--------------------------------------------------------------------------------
Logger: Mon Jun 10 23:10:32 2024
--------------------------------------------------------------------------------
Duplicate files: {'625bd813a77dfabb5a687608ab8d4812': ['D:\\tekup\\Instagram\\IMG_20231015_005904_668.jpg', 'D:\\tekup\\Instagram\\IMG_20231015_005905_362.jpg']} : Mon Jun 10 23:10:32 2024
--------------------------------------------------------------------------------
Logger: Mon Jun 10 23:10:32 2024
--------------------------------------------------------------------------------
File deleting process started : Mon Jun 10 23:10:32 2024
--------------------------------------------------------------------------------
Logger: Mon Jun 10 23:10:32 2024
--------------------------------------------------------------------------------
D:\tekup\Instagram\IMG_20231015_005905_362.jpg is removed : Mon Jun 10 23:10:32 2024
--------------------------------------------------------------------------------
Logger: Mon Jun 10 23:10:32 2024
--------------------------------------------------------------------------------
1 files are removed : Mon Jun 10 23:10:32 2024
