--------------------------------------------------------------------------------
Logger: Mon Jun 10 23:12:44 2024
--------------------------------------------------------------------------------
Duplicate files: ['D:\\tekup\\Instagram\\IMG_20200108_130148_437 - Copy - Copy - Copy - Copy.jpg', 'D:\\tekup\\Instagram\\IMG_20200108_130148_437 - Copy - Copy - Copy.jpg', 'D:\\tekup\\Instagram\\IMG_20200108_130148_437 - Copy - Copy.jpg', 'D:\\tekup\\Instagram\\IMG_20200108_130148_437 - Copy.jpg', 'D:\\tekup\\Instagram\\IMG_20200108_130148_437.jpg'] : Mon Jun 10 23:12:44 2024
--------------------------------------------------------------------------------
Logger: Mon Jun 10 23:12:44 2024
--------------------------------------------------------------------------------
Duplicate files: ['D:\\tekup\\Instagram\\IMG_20200626_103533_180 - Copy.jpg', 'D:\\tekup\\Instagram\\IMG_20200626_103533_180.jpg'] : Mon Jun 10 23:12:44 2024
--------------------------------------------------------------------------------
Logger: Mon Jun 10 23:12:44 2024
--------------------------------------------------------------------------------
Duplicate files: ['D:\\tekup\\Instagram\\IMG_20200910_121454_901 - Copy - Copy.jpg', 'D:\\tekup\\Instagram\\IMG_20200910_121454_901 - Copy.jpg', 'D:\\tekup\\Instagram\\IMG_20200910_121454_901.jpg'] : Mon Jun 10 23:12:44 2024
--------------------------------------------------------------------------------
Logger: Mon Jun 10 23:12:44 2024
--------------------------------------------------------------------------------
Duplicate files: ['D:\\tekup\\Instagram\\IMG_20201030_182937_947 - Copy - Copy - Copy.jpg', 'D:\\tekup\\Instagram\\IMG_20201030_182937_947 - Copy - Copy.jpg', 'D:\\tekup\\Instagram\\IMG_20201030_182937_947 - Copy.jpg', 'D:\\tekup\\Instagram\\IMG_20201030_182937_947.jpg'] : Mon Jun 10 23:12:44 2024
--------------------------------------------------------------------------------
Logger: Mon Jun 10 23:12:44 2024
--------------------------------------------------------------------------------
Duplicate files: ['D:\\tekup\\Instagram\\IMG_20211115_100530_205 - Copy - Copy - Copy.webp', 'D:\\tekup\\Instagram\\IMG_20211115_100530_205 - Copy - Copy.webp', 'D:\\tekup\\Instagram\\IMG_20211115_100530_205 - Copy.webp', 'D:\\tekup\\Instagram\\IMG_20211115_100530_205.webp'] : Mon Jun 10 23:12:44 2024
--------------------------------------------------------------------------------
Logger: Mon Jun 10 23:12:44 2024
--------------------------------------------------------------------------------
Duplicate files: ['D:\\tekup\\Instagram\\IMG_20211211_190405_299 - Copy - Copy - Copy - Copy.jpg', 'D:\\tekup\\Instagram\\IMG_20211211_190405_299 - Copy - Copy - Copy.jpg', 'D:\\tekup\\Instagram\\IMG_20211211_190405_299 - Copy - Copy.jpg', 'D:\\tekup\\Instagram\\IMG_20211211_190405_299 - Copy.jpg', 'D:\\tekup\\Instagram\\IMG_20211211_190405_299.jpg'] : Mon Jun 10 23:12:44 2024
--------------------------------------------------------------------------------
Logger: Mon Jun 10 23:12:44 2024
--------------------------------------------------------------------------------
Duplicate files: ['D:\\tekup\\Instagram\\IMG_20231214_214537_845 - Copy - Copy - Copy.webp', 'D:\\tekup\\Instagram\\IMG_20231214_214537_845 - Copy - Copy.webp', 'D:\\tekup\\Instagram\\IMG_20231214_214537_845 - Copy.webp', 'D:\\tekup\\Instagram\\IMG_20231214_214537_845.webp'] : Mon Jun 10 23:12:44 2024
--------------------------------------------------------------------------------
Logger: Mon Jun 10 23:12:44 2024
--------------------------------------------------------------------------------
Duplicate files: {'4d2990714e4b89428eb7b0669bfadff7': ['D:\\tekup\\Instagram\\IMG_20200108_130148_437 - Copy - Copy - Copy - Copy.jpg', 'D:\\tekup\\Instagram\\IMG_20200108_130148_437 - Copy - Copy - Copy.jpg', 'D:\\tekup\\Instagram\\IMG_20200108_130148_437 - Copy - Copy.jpg', 'D:\\tekup\\Instagram\\IMG_20200108_130148_437 - Copy.jpg', 'D:\\tekup\\Instagram\\IMG_20200108_130148_437.jpg'], '766ebc3fdde24168de310368e77826d8': ['D:\\tekup\\Instagram\\IMG_20200626_103533_180 - Copy.jpg', 'D:\\tekup\\Instagram\\IMG_20200626_103533_180.jpg'], '7b418c2eb8662414f4c499897c640cf0': ['D:\\tekup\\Instagram\\IMG_20200910_121454_901 - Copy - Copy.jpg', 'D:\\tekup\\Instagram\\IMG_20200910_121454_901 - Copy.jpg', 'D:\\tekup\\Instagram\\IMG_20200910_121454_901.jpg'], '922d2dbdcbfb9a66f188f7e3bad6a3b1': ['D:\\tekup\\Instagram\\IMG_20201030_182937_947 - Copy - Copy - Copy.jpg', 'D:\\tekup\\Instagram\\IMG_20201030_182937_947 - Copy - Copy.jpg', 'D:\\tekup\\Instagram\\IMG_20201030_182937_947 - Copy.jpg', 'D:\\tekup\\Instagram\\IMG_20201030_182937_947.jpg'], '4a596114a5de9be14e6d2f645fc610ae': ['D:\\tekup\\Instagram\\IMG_20211115_100530_205 - Copy - Copy - Copy.webp', 'D:\\tekup\\Instagram\\IMG_20211115_100530_205 - Copy - Copy.webp', 'D:\\tekup\\Instagram\\IMG_20211115_100530_205 - Copy.webp', 'D:\\tekup\\Instagram\\IMG_20211115_100530_205.webp'], '1e124f1873b572c37c3f935af56ff4f0': ['D:\\tekup\\Instagram\\IMG_20211211_190405_299 - Copy - Copy - Copy - Copy.jpg', 'D:\\tekup\\Instagram\\IMG_20211211_190405_299 - Copy - Copy - Copy.jpg', 'D:\\tekup\\Instagram\\IMG_20211211_190405_299 - Copy - Copy.jpg', 'D:\\tekup\\Instagram\\IMG_20211211_190405_299 - Copy.jpg', 'D:\\tekup\\Instagram\\IMG_20211211_190405_299.jpg'], 'c030d7c15a87562f517dde4544568969': ['D:\\tekup\\Instagram\\IMG_20231214_214537_845 - Copy - Copy - Copy.webp', 'D:\\tekup\\Instagram\\IMG_20231214_214537_845 - Copy - Copy.webp', 'D:\\tekup\\Instagram\\IMG_20231214_214537_845 - Copy.webp', 'D:\\tekup\\Instagram\\IMG_20231214_214537_845.webp']} : Mon Jun 10 23:12:44 2024
--------------------------------------------------------------------------------
Logger: Mon Jun 10 23:12:44 2024
--------------------------------------------------------------------------------
File deleting process started : Mon Jun 10 23:12:44 2024
--------------------------------------------------------------------------------
Logger: Mon Jun 10 23:12:44 2024
--------------------------------------------------------------------------------
D:\tekup\Instagram\IMG_20200108_130148_437 - Copy - Copy - Copy.jpg is removed : Mon Jun 10 23:12:44 2024
--------------------------------------------------------------------------------
Logger: Mon Jun 10 23:12:44 2024
--------------------------------------------------------------------------------
D:\tekup\Instagram\IMG_20200108_130148_437 - Copy - Copy.jpg is removed : Mon Jun 10 23:12:44 2024
--------------------------------------------------------------------------------
Logger: Mon Jun 10 23:12:44 2024
--------------------------------------------------------------------------------
D:\tekup\Instagram\IMG_20200108_130148_437 - Copy.jpg is removed : Mon Jun 10 23:12:44 2024
--------------------------------------------------------------------------------
Logger: Mon Jun 10 23:12:44 2024
--------------------------------------------------------------------------------
D:\tekup\Instagram\IMG_20200108_130148_437.jpg is removed : Mon Jun 10 23:12:44 2024
--------------------------------------------------------------------------------
Logger: Mon Jun 10 23:12:44 2024
--------------------------------------------------------------------------------
D:\tekup\Instagram\IMG_20200626_103533_180.jpg is removed : Mon Jun 10 23:12:44 2024
--------------------------------------------------------------------------------
Logger: Mon Jun 10 23:12:44 2024
--------------------------------------------------------------------------------
D:\tekup\Instagram\IMG_20200910_121454_901 - Copy.jpg is removed : Mon Jun 10 23:12:44 2024
--------------------------------------------------------------------------------
Logger: Mon Jun 10 23:12:44 2024
--------------------------------------------------------------------------------
D:\tekup\Instagram\IMG_20200910_121454_901.jpg is removed : Mon Jun 10 23:12:44 2024
--------------------------------------------------------------------------------
Logger: Mon Jun 10 23:12:44 2024
--------------------------------------------------------------------------------
D:\tekup\Instagram\IMG_20201030_182937_947 - Copy - Copy.jpg is removed : Mon Jun 10 23:12:44 2024
--------------------------------------------------------------------------------
Logger: Mon Jun 10 23:12:44 2024
--------------------------------------------------------------------------------
D:\tekup\Instagram\IMG_20201030_182937_947 - Copy.jpg is removed : Mon Jun 10 23:12:44 2024
--------------------------------------------------------------------------------
Logger: Mon Jun 10 23:12:44 2024
--------------------------------------------------------------------------------
D:\tekup\Instagram\IMG_20201030_182937_947.jpg is removed : Mon Jun 10 23:12:44 2024
--------------------------------------------------------------------------------
Logger: Mon Jun 10 23:12:44 2024
--------------------------------------------------------------------------------
D:\tekup\Instagram\IMG_20211115_100530_205 - Copy - Copy.webp is removed : Mon Jun 10 23:12:44 2024
--------------------------------------------------------------------------------
Logger: Mon Jun 10 23:12:44 2024
--------------------------------------------------------------------------------
D:\tekup\Instagram\IMG_20211115_100530_205 - Copy.webp is removed : Mon Jun 10 23:12:44 2024
--------------------------------------------------------------------------------
Logger: Mon Jun 10 23:12:44 2024
--------------------------------------------------------------------------------
D:\tekup\Instagram\IMG_20211115_100530_205.webp is removed : Mon Jun 10 23:12:44 2024
--------------------------------------------------------------------------------
Logger: Mon Jun 10 23:12:44 2024
--------------------------------------------------------------------------------
D:\tekup\Instagram\IMG_20211211_190405_299 - Copy - Copy - Copy.jpg is removed : Mon Jun 10 23:12:44 2024
--------------------------------------------------------------------------------
Logger: Mon Jun 10 23:12:44 2024
--------------------------------------------------------------------------------
D:\tekup\Instagram\IMG_20211211_190405_299 - Copy - Copy.jpg is removed : Mon Jun 10 23:12:44 2024
--------------------------------------------------------------------------------
Logger: Mon Jun 10 23:12:44 2024
--------------------------------------------------------------------------------
D:\tekup\Instagram\IMG_20211211_190405_299 - Copy.jpg is removed : Mon Jun 10 23:12:44 2024
--------------------------------------------------------------------------------
Logger: Mon Jun 10 23:12:44 2024
--------------------------------------------------------------------------------
D:\tekup\Instagram\IMG_20211211_190405_299.jpg is removed : Mon Jun 10 23:12:44 2024
--------------------------------------------------------------------------------
Logger: Mon Jun 10 23:12:44 2024
--------------------------------------------------------------------------------
D:\tekup\Instagram\IMG_20231214_214537_845 - Copy - Copy.webp is removed : Mon Jun 10 23:12:44 2024
--------------------------------------------------------------------------------
Logger: Mon Jun 10 23:12:44 2024
--------------------------------------------------------------------------------
D:\tekup\Instagram\IMG_20231214_214537_845 - Copy.webp is removed : Mon Jun 10 23:12:44 2024
--------------------------------------------------------------------------------
Logger: Mon Jun 10 23:12:44 2024
--------------------------------------------------------------------------------
D:\tekup\Instagram\IMG_20231214_214537_845.webp is removed : Mon Jun 10 23:12:44 2024
--------------------------------------------------------------------------------
Logger: Mon Jun 10 23:12:44 2024
--------------------------------------------------------------------------------
20 files are removed : Mon Jun 10 23:12:44 2024
