--------------------------------------------------------------------------------
--------------------------------------------------------------------------------
Duplicate files: ['E:\\Mycodes\\CodeSoft_Internship\\.git\\logs\\HEAD', 'E:\\Mycodes\\CodeSoft_Internship\\.git\\logs\\refs\\heads\\main'] : Mon Jun 10 23:41:09 2024
--------------------------------------------------------------------------------
--------------------------------------------------------------------------------
Duplicate files: {'0ac1fa13cfb76d8791e5fba7ef03b533': ['E:\\Mycodes\\CodeSoft_Internship\\.git\\logs\\HEAD', 'E:\\Mycodes\\CodeSoft_Internship\\.git\\logs\\refs\\heads\\main']} : Mon Jun 10 23:41:09 2024
--------------------------------------------------------------------------------
--------------------------------------------------------------------------------
File deleting process started : Mon Jun 10 23:41:09 2024
--------------------------------------------------------------------------------
--------------------------------------------------------------------------------
E:\Mycodes\CodeSoft_Internship\.git\logs\refs\heads\main is removed : Mon Jun 10 23:41:09 2024
--------------------------------------------------------------------------------
--------------------------------------------------------------------------------
1 files are removed : Mon Jun 10 23:41:09 2024
--------------------------------------------------------------------------------
--------------------------------------------------------------------------------
start time : Mon Jun 10 23:41:09 2024 
Number of files scan : 52
 Number of Duplicate Found : 1
 End time : Mon Jun 10 23:41:09 2024 
       Thank You for Using Our Script        Regards,        Navnath Jadhav        Softnath Pvt Limited : Mon Jun 10 23:41:09 2024
